This file contains any messages produced by compilers while
running configure, to aid debugging if configure makes a mistake.

It was created by GMTK configure 0.1, which was
generated by GNU Autoconf 2.69.  Invocation command line was

  $ ./configure --disable-option-checking --prefix=/usr/local --cache-file=/dev/null --srcdir=.

## --------- ##
## Platform. ##
## --------- ##

hostname = g
uname -m = i386
uname -r = 10.8.0
uname -s = Darwin
uname -v = Darwin Kernel Version 10.8.0: Tue Jun  7 16:33:36 PDT 2011; root:xnu-1504.15.3~1/RELEASE_I386

/usr/bin/uname -p = i386
/bin/uname -X     = unknown

/bin/arch              = unknown
/usr/bin/arch -k       = unknown
/usr/convex/getsysinfo = unknown
/usr/bin/hostinfo      = Mach kernel version:
	 Darwin Kernel Version 10.8.0: Tue Jun  7 16:33:36 PDT 2011; root:xnu-1504.15.3~1/RELEASE_I386
Kernel configured for up to 4 processors.
2 processors are physically available.
4 processors are logically available.
Processor type: i486 (Intel 80486)
Processors active: 0 1 2 3
Primary memory available: 4.00 gigabytes
Default processor set: 90 tasks, 496 threads, 4 processors
Load average: 2.03, Mach factor: 2.20
/bin/machine           = unknown
/usr/bin/oslevel       = unknown
/bin/universe          = unknown

PATH: /Library/Frameworks/Python.framework/Versions/2.6/bin
PATH: /opt/local/bin
PATH: /opt/local/sbin
PATH: /sw/bin
PATH: /sw/sbin
PATH: /usr/local/apache-maven/apache-maven-3.0.4/bin
PATH: /usr/bin
PATH: /bin
PATH: /usr/sbin
PATH: /sbin
PATH: /usr/local/bin
PATH: /usr/local/git/bin
PATH: /usr/texbin
PATH: /usr/X11/bin
PATH: /Users/adam/bin/
PATH: /Users/adam/code/alchemy/bin/
PATH: /Users/adam/code/thebeast-0.0.x/bin/mac/
PATH: /Applications/Mencoder OS X.app/Contents/Resources/
PATH: /Users/adam/bin/LaNet-vi_2.2.2/
PATH: /usr/X11R6/bin


## ----------- ##
## Core tests. ##
## ----------- ##

configure:2342: checking build system type
configure:2356: result: x86_64-apple-darwin10.8.0
configure:2376: checking host system type
configure:2389: result: x86_64-apple-darwin10.8.0
configure:2430: checking for a BSD-compatible install
configure:2498: result: /usr/bin/install -c
configure:2509: checking whether build environment is sane
configure:2564: result: yes
configure:2715: checking for a thread-safe mkdir -p
configure:2754: result: ./install-sh -c -d
configure:2761: checking for gawk
configure:2777: found /sw/bin/gawk
configure:2788: result: gawk
configure:2799: checking whether make sets $(MAKE)
configure:2821: result: yes
configure:2850: checking whether make supports nested variables
configure:2867: result: yes
configure:3044: checking for style of include used by make
configure:3072: result: GNU
configure:3143: checking for gcc
configure:3159: found /usr/bin/gcc
configure:3170: result: gcc
configure:3399: checking for C compiler version
configure:3408: gcc --version >&5
i686-apple-darwin10-gcc-4.2.1 (GCC) 4.2.1 (Apple Inc. build 5666) (dot 3)
Copyright (C) 2007 Free Software Foundation, Inc.
This is free software; see the source for copying conditions.  There is NO
warranty; not even for MERCHANTABILITY or FITNESS FOR A PARTICULAR PURPOSE.

configure:3419: $? = 0
configure:3408: gcc -v >&5
Using built-in specs.
Target: i686-apple-darwin10
Configured with: /var/tmp/gcc/gcc-5666.3~6/src/configure --disable-checking --enable-werror --prefix=/usr --mandir=/share/man --enable-languages=c,objc,c++,obj-c++ --program-transform-name=/^[cg][^.-]*$/s/$/-4.2/ --with-slibdir=/usr/lib --build=i686-apple-darwin10 --program-prefix=i686-apple-darwin10- --host=x86_64-apple-darwin10 --target=i686-apple-darwin10 --with-gxx-include-dir=/include/c++/4.2.1
Thread model: posix
gcc version 4.2.1 (Apple Inc. build 5666) (dot 3)
configure:3419: $? = 0
configure:3408: gcc -V >&5
gcc-4.2: argument to `-V' is missing
configure:3419: $? = 1
configure:3408: gcc -qversion >&5
i686-apple-darwin10-gcc-4.2.1: no input files
configure:3419: $? = 1
configure:3439: checking whether the C compiler works
configure:3461: gcc    conftest.c  >&5
configure:3465: $? = 0
configure:3513: result: yes
configure:3516: checking for C compiler default output file name
configure:3518: result: a.out
configure:3524: checking for suffix of executables
configure:3531: gcc -o conftest    conftest.c  >&5
configure:3535: $? = 0
configure:3557: result: 
configure:3579: checking whether we are cross compiling
configure:3587: gcc -o conftest    conftest.c  >&5
configure:3591: $? = 0
configure:3598: ./conftest
configure:3602: $? = 0
configure:3617: result: no
configure:3622: checking for suffix of object files
configure:3644: gcc -c   conftest.c >&5
configure:3648: $? = 0
configure:3669: result: o
configure:3673: checking whether we are using the GNU C compiler
configure:3692: gcc -c   conftest.c >&5
configure:3692: $? = 0
configure:3701: result: yes
configure:3710: checking whether gcc accepts -g
configure:3730: gcc -c -g  conftest.c >&5
configure:3730: $? = 0
configure:3771: result: yes
configure:3788: checking for gcc option to accept ISO C89
configure:3851: gcc  -c -g -O2  conftest.c >&5
configure:3851: $? = 0
configure:3864: result: none needed
configure:3886: checking dependency style of gcc
configure:3997: result: gcc3
configure:4018: checking how to run the C preprocessor
configure:4049: gcc -E  conftest.c
configure:4049: $? = 0
configure:4063: gcc -E  conftest.c
conftest.c:14:28: error: ac_nonexistent.h: No such file or directory
configure:4063: $? = 1
configure: failed program was:
| /* confdefs.h */
| #define PACKAGE_NAME "GMTK"
| #define PACKAGE_TARNAME "gmtk"
| #define PACKAGE_VERSION "0.1"
| #define PACKAGE_STRING "GMTK 0.1"
| #define PACKAGE_BUGREPORT "https://lungs.ee.washington.edu/trac/gmtk/newticket"
| #define PACKAGE_URL ""
| #define PACKAGE "gmtk"
| #define VERSION "0.1"
| #define ENABLE_GZIP 1
| #define ENABLE_BZIP2 1
| #define PIPE_ASCII_FILES_THROUGH_CPP 1
| /* end confdefs.h.  */
| #include <ac_nonexistent.h>
configure:4088: result: gcc -E
configure:4108: gcc -E  conftest.c
configure:4108: $? = 0
configure:4122: gcc -E  conftest.c
conftest.c:14:28: error: ac_nonexistent.h: No such file or directory
configure:4122: $? = 1
configure: failed program was:
| /* confdefs.h */
| #define PACKAGE_NAME "GMTK"
| #define PACKAGE_TARNAME "gmtk"
| #define PACKAGE_VERSION "0.1"
| #define PACKAGE_STRING "GMTK 0.1"
| #define PACKAGE_BUGREPORT "https://lungs.ee.washington.edu/trac/gmtk/newticket"
| #define PACKAGE_URL ""
| #define PACKAGE "gmtk"
| #define VERSION "0.1"
| #define ENABLE_GZIP 1
| #define ENABLE_BZIP2 1
| #define PIPE_ASCII_FILES_THROUGH_CPP 1
| /* end confdefs.h.  */
| #include <ac_nonexistent.h>
configure:4172: gcc -E -x assembler-with-cpp  conftest.c
configure:4172: $? = 0
configure:4261: checking for g++
configure:4277: found /usr/bin/g++
configure:4288: result: g++
configure:4315: checking for C++ compiler version
configure:4324: g++ --version >&5
i686-apple-darwin10-g++-4.2.1 (GCC) 4.2.1 (Apple Inc. build 5666) (dot 3)
Copyright (C) 2007 Free Software Foundation, Inc.
This is free software; see the source for copying conditions.  There is NO
warranty; not even for MERCHANTABILITY or FITNESS FOR A PARTICULAR PURPOSE.

configure:4335: $? = 0
configure:4324: g++ -v >&5
Using built-in specs.
Target: i686-apple-darwin10
Configured with: /var/tmp/gcc/gcc-5666.3~6/src/configure --disable-checking --enable-werror --prefix=/usr --mandir=/share/man --enable-languages=c,objc,c++,obj-c++ --program-transform-name=/^[cg][^.-]*$/s/$/-4.2/ --with-slibdir=/usr/lib --build=i686-apple-darwin10 --program-prefix=i686-apple-darwin10- --host=x86_64-apple-darwin10 --target=i686-apple-darwin10 --with-gxx-include-dir=/include/c++/4.2.1
Thread model: posix
gcc version 4.2.1 (Apple Inc. build 5666) (dot 3)
configure:4335: $? = 0
configure:4324: g++ -V >&5
g++-4.2: argument to `-V' is missing
configure:4335: $? = 1
configure:4324: g++ -qversion >&5
i686-apple-darwin10-g++-4.2.1: no input files
configure:4335: $? = 1
configure:4339: checking whether we are using the GNU C++ compiler
configure:4358: g++ -c   conftest.cpp >&5
configure:4358: $? = 0
configure:4367: result: yes
configure:4376: checking whether g++ accepts -g
configure:4396: g++ -c -g  conftest.cpp >&5
configure:4396: $? = 0
configure:4437: result: yes
configure:4462: checking dependency style of g++
configure:4573: result: gcc3
configure:4636: checking for gcc
configure:4663: result: gcc
configure:4892: checking for C compiler version
configure:4901: gcc --version >&5
i686-apple-darwin10-gcc-4.2.1 (GCC) 4.2.1 (Apple Inc. build 5666) (dot 3)
Copyright (C) 2007 Free Software Foundation, Inc.
This is free software; see the source for copying conditions.  There is NO
warranty; not even for MERCHANTABILITY or FITNESS FOR A PARTICULAR PURPOSE.

configure:4912: $? = 0
configure:4901: gcc -v >&5
Using built-in specs.
Target: i686-apple-darwin10
Configured with: /var/tmp/gcc/gcc-5666.3~6/src/configure --disable-checking --enable-werror --prefix=/usr --mandir=/share/man --enable-languages=c,objc,c++,obj-c++ --program-transform-name=/^[cg][^.-]*$/s/$/-4.2/ --with-slibdir=/usr/lib --build=i686-apple-darwin10 --program-prefix=i686-apple-darwin10- --host=x86_64-apple-darwin10 --target=i686-apple-darwin10 --with-gxx-include-dir=/include/c++/4.2.1
Thread model: posix
gcc version 4.2.1 (Apple Inc. build 5666) (dot 3)
configure:4912: $? = 0
configure:4901: gcc -V >&5
gcc-4.2: argument to `-V' is missing
configure:4912: $? = 1
configure:4901: gcc -qversion >&5
i686-apple-darwin10-gcc-4.2.1: no input files
configure:4912: $? = 1
configure:4916: checking whether we are using the GNU C compiler
configure:4944: result: yes
configure:4953: checking whether gcc accepts -g
configure:5014: result: yes
configure:5031: checking for gcc option to accept ISO C89
configure:5107: result: none needed
configure:5129: checking dependency style of gcc
configure:5240: result: gcc3
configure:5256: checking whether gcc and cc understand -c and -o together
configure:5287: gcc -c conftest.c -o conftest2.o >&5
configure:5291: $? = 0
configure:5297: gcc -c conftest.c -o conftest2.o >&5
configure:5301: $? = 0
configure:5312: cc -c conftest.c >&5
configure:5316: $? = 0
configure:5324: cc -c conftest.c -o conftest2.o >&5
configure:5328: $? = 0
configure:5334: cc -c conftest.c -o conftest2.o >&5
configure:5338: $? = 0
configure:5356: result: yes
configure:5430: checking for ar
configure:5446: found /usr/bin/ar
configure:5457: result: ar
configure:5483: checking the archiver (ar) interface
configure:5493: gcc -c -g -O2  conftest.c >&5
configure:5493: $? = 0
configure:5495: ar cru libconftest.a conftest.o >&5
configure:5498: $? = 0
configure:5521: result: ar
configure:5584: checking for ranlib
configure:5600: found /usr/bin/ranlib
configure:5611: result: ranlib
configure:5634: checking for ../.hg/dirstate
configure:5647: result: no
configure:5699: checking for hgstamp.h
configure:5712: result: yes
configure:5744: checking for sqrt in -lm
configure:5769: gcc -o conftest -g -O2   conftest.c -lm   >&5
conftest.c:22: warning: conflicting types for built-in function 'sqrt'
configure:5769: $? = 0
configure:5778: result: yes
configure:5804: checking for grep that handles long lines and -e
configure:5862: result: /usr/bin/grep
configure:5867: checking for egrep
configure:5929: result: /usr/bin/grep -E
configure:5934: checking for ANSI C header files
configure:5954: gcc -c -g -O2  conftest.c >&5
configure:5954: $? = 0
configure:6027: gcc -o conftest -g -O2   conftest.c -lm  >&5
configure:6027: $? = 0
configure:6027: ./conftest
configure:6027: $? = 0
configure:6038: result: yes
configure:6051: checking for sys/types.h
configure:6051: gcc -c -g -O2  conftest.c >&5
configure:6051: $? = 0
configure:6051: result: yes
configure:6051: checking for sys/stat.h
configure:6051: gcc -c -g -O2  conftest.c >&5
configure:6051: $? = 0
configure:6051: result: yes
configure:6051: checking for stdlib.h
configure:6051: gcc -c -g -O2  conftest.c >&5
configure:6051: $? = 0
configure:6051: result: yes
configure:6051: checking for string.h
configure:6051: gcc -c -g -O2  conftest.c >&5
configure:6051: $? = 0
configure:6051: result: yes
configure:6051: checking for memory.h
configure:6051: gcc -c -g -O2  conftest.c >&5
configure:6051: $? = 0
configure:6051: result: yes
configure:6051: checking for strings.h
configure:6051: gcc -c -g -O2  conftest.c >&5
configure:6051: $? = 0
configure:6051: result: yes
configure:6051: checking for inttypes.h
configure:6051: gcc -c -g -O2  conftest.c >&5
configure:6051: $? = 0
configure:6051: result: yes
configure:6051: checking for stdint.h
configure:6051: gcc -c -g -O2  conftest.c >&5
configure:6051: $? = 0
configure:6051: result: yes
configure:6051: checking for unistd.h
configure:6051: gcc -c -g -O2  conftest.c >&5
configure:6051: $? = 0
configure:6051: result: yes
configure:6063: checking for size_t
configure:6063: gcc -c -g -O2  conftest.c >&5
configure:6063: $? = 0
configure:6063: gcc -c -g -O2  conftest.c >&5
conftest.c: In function 'main':
conftest.c:62: error: expected expression before ')' token
configure:6063: $? = 1
configure: failed program was:
| /* confdefs.h */
| #define PACKAGE_NAME "GMTK"
| #define PACKAGE_TARNAME "gmtk"
| #define PACKAGE_VERSION "0.1"
| #define PACKAGE_STRING "GMTK 0.1"
| #define PACKAGE_BUGREPORT "https://lungs.ee.washington.edu/trac/gmtk/newticket"
| #define PACKAGE_URL ""
| #define PACKAGE "gmtk"
| #define VERSION "0.1"
| #define ENABLE_GZIP 1
| #define ENABLE_BZIP2 1
| #define PIPE_ASCII_FILES_THROUGH_CPP 1
| #define HAVE_HG_H 1
| #define HAVE_LIBM 1
| #define STDC_HEADERS 1
| #define HAVE_SYS_TYPES_H 1
| #define HAVE_SYS_STAT_H 1
| #define HAVE_STDLIB_H 1
| #define HAVE_STRING_H 1
| #define HAVE_MEMORY_H 1
| #define HAVE_STRINGS_H 1
| #define HAVE_INTTYPES_H 1
| #define HAVE_STDINT_H 1
| #define HAVE_UNISTD_H 1
| /* end confdefs.h.  */
| #include <stdio.h>
| #ifdef HAVE_SYS_TYPES_H
| # include <sys/types.h>
| #endif
| #ifdef HAVE_SYS_STAT_H
| # include <sys/stat.h>
| #endif
| #ifdef STDC_HEADERS
| # include <stdlib.h>
| # include <stddef.h>
| #else
| # ifdef HAVE_STDLIB_H
| #  include <stdlib.h>
| # endif
| #endif
| #ifdef HAVE_STRING_H
| # if !defined STDC_HEADERS && defined HAVE_MEMORY_H
| #  include <memory.h>
| # endif
| # include <string.h>
| #endif
| #ifdef HAVE_STRINGS_H
| # include <strings.h>
| #endif
| #ifdef HAVE_INTTYPES_H
| # include <inttypes.h>
| #endif
| #ifdef HAVE_STDINT_H
| # include <stdint.h>
| #endif
| #ifdef HAVE_UNISTD_H
| # include <unistd.h>
| #endif
| int
| main ()
| {
| if (sizeof ((size_t)))
| 	    return 0;
|   ;
|   return 0;
| }
configure:6063: result: yes
configure:6076: checking for working alloca.h
configure:6093: gcc -o conftest -g -O2   conftest.c -lm  >&5
configure:6093: $? = 0
configure:6101: result: yes
configure:6109: checking for alloca
configure:6146: gcc -o conftest -g -O2   conftest.c -lm  >&5
configure:6146: $? = 0
configure:6154: result: yes
configure:6260: checking for ANSI C header files
configure:6364: result: yes
configure:6375: checking float.h usability
configure:6375: gcc -c -g -O2  conftest.c >&5
configure:6375: $? = 0
configure:6375: result: yes
configure:6375: checking float.h presence
configure:6375: gcc -E  conftest.c
configure:6375: $? = 0
configure:6375: result: yes
configure:6375: checking for float.h
configure:6375: result: yes
configure:6375: checking limits.h usability
configure:6375: gcc -c -g -O2  conftest.c >&5
configure:6375: $? = 0
configure:6375: result: yes
configure:6375: checking limits.h presence
configure:6375: gcc -E  conftest.c
configure:6375: $? = 0
configure:6375: result: yes
configure:6375: checking for limits.h
configure:6375: result: yes
configure:6375: checking for stdlib.h
configure:6375: result: yes
configure:6375: checking for string.h
configure:6375: result: yes
configure:6375: checking for strings.h
configure:6375: result: yes
configure:6375: checking sys/time.h usability
configure:6375: gcc -c -g -O2  conftest.c >&5
configure:6375: $? = 0
configure:6375: result: yes
configure:6375: checking sys/time.h presence
configure:6375: gcc -E  conftest.c
configure:6375: $? = 0
configure:6375: result: yes
configure:6375: checking for sys/time.h
configure:6375: result: yes
configure:6375: checking for unistd.h
configure:6375: result: yes
configure:6387: checking for stdbool.h that conforms to C99
configure:6454: gcc -c -g -O2  conftest.c >&5
configure:6454: $? = 0
configure:6461: result: yes
configure:6463: checking for _Bool
configure:6463: gcc -c -g -O2  conftest.c >&5
configure:6463: $? = 0
configure:6463: gcc -c -g -O2  conftest.c >&5
conftest.c: In function 'main':
conftest.c:72: error: expected expression before ')' token
configure:6463: $? = 1
configure: failed program was:
| /* confdefs.h */
| #define PACKAGE_NAME "GMTK"
| #define PACKAGE_TARNAME "gmtk"
| #define PACKAGE_VERSION "0.1"
| #define PACKAGE_STRING "GMTK 0.1"
| #define PACKAGE_BUGREPORT "https://lungs.ee.washington.edu/trac/gmtk/newticket"
| #define PACKAGE_URL ""
| #define PACKAGE "gmtk"
| #define VERSION "0.1"
| #define ENABLE_GZIP 1
| #define ENABLE_BZIP2 1
| #define PIPE_ASCII_FILES_THROUGH_CPP 1
| #define HAVE_HG_H 1
| #define HAVE_LIBM 1
| #define STDC_HEADERS 1
| #define HAVE_SYS_TYPES_H 1
| #define HAVE_SYS_STAT_H 1
| #define HAVE_STDLIB_H 1
| #define HAVE_STRING_H 1
| #define HAVE_MEMORY_H 1
| #define HAVE_STRINGS_H 1
| #define HAVE_INTTYPES_H 1
| #define HAVE_STDINT_H 1
| #define HAVE_UNISTD_H 1
| #define HAVE_ALLOCA_H 1
| #define HAVE_ALLOCA 1
| #define STDC_HEADERS 1
| #define HAVE_FLOAT_H 1
| #define HAVE_LIMITS_H 1
| #define HAVE_STDLIB_H 1
| #define HAVE_STRING_H 1
| #define HAVE_STRINGS_H 1
| #define HAVE_SYS_TIME_H 1
| #define HAVE_UNISTD_H 1
| /* end confdefs.h.  */
| #include <stdio.h>
| #ifdef HAVE_SYS_TYPES_H
| # include <sys/types.h>
| #endif
| #ifdef HAVE_SYS_STAT_H
| # include <sys/stat.h>
| #endif
| #ifdef STDC_HEADERS
| # include <stdlib.h>
| # include <stddef.h>
| #else
| # ifdef HAVE_STDLIB_H
| #  include <stdlib.h>
| # endif
| #endif
| #ifdef HAVE_STRING_H
| # if !defined STDC_HEADERS && defined HAVE_MEMORY_H
| #  include <memory.h>
| # endif
| # include <string.h>
| #endif
| #ifdef HAVE_STRINGS_H
| # include <strings.h>
| #endif
| #ifdef HAVE_INTTYPES_H
| # include <inttypes.h>
| #endif
| #ifdef HAVE_STDINT_H
| # include <stdint.h>
| #endif
| #ifdef HAVE_UNISTD_H
| # include <unistd.h>
| #endif
| int
| main ()
| {
| if (sizeof ((_Bool)))
| 	    return 0;
|   ;
|   return 0;
| }
configure:6463: result: yes
configure:6480: checking for an ANSI C-conforming const
configure:6546: gcc -c -g -O2  conftest.c >&5
configure:6546: $? = 0
configure:6553: result: yes
configure:6561: checking for inline
configure:6577: gcc -c -g -O2  conftest.c >&5
configure:6577: $? = 0
configure:6585: result: inline
configure:6603: checking for size_t
configure:6603: result: yes
configure:6614: checking whether time.h and sys/time.h may both be included
configure:6634: gcc -c -g -O2  conftest.c >&5
configure:6634: $? = 0
configure:6641: result: yes
configure:6649: checking whether struct tm is in sys/time.h or time.h
configure:6669: gcc -c -g -O2  conftest.c >&5
configure:6669: $? = 0
configure:6676: result: time.h
configure:6684: checking for working volatile
configure:6703: gcc -c -g -O2  conftest.c >&5
configure:6703: $? = 0
configure:6710: result: yes
configure:6720: checking for error_at_line
configure:6736: gcc -o conftest -g -O2   conftest.c -lm  >&5
conftest.c:39:19: error: error.h: No such file or directory
configure:6736: $? = 1
configure: failed program was:
| /* confdefs.h */
| #define PACKAGE_NAME "GMTK"
| #define PACKAGE_TARNAME "gmtk"
| #define PACKAGE_VERSION "0.1"
| #define PACKAGE_STRING "GMTK 0.1"
| #define PACKAGE_BUGREPORT "https://lungs.ee.washington.edu/trac/gmtk/newticket"
| #define PACKAGE_URL ""
| #define PACKAGE "gmtk"
| #define VERSION "0.1"
| #define ENABLE_GZIP 1
| #define ENABLE_BZIP2 1
| #define PIPE_ASCII_FILES_THROUGH_CPP 1
| #define HAVE_HG_H 1
| #define HAVE_LIBM 1
| #define STDC_HEADERS 1
| #define HAVE_SYS_TYPES_H 1
| #define HAVE_SYS_STAT_H 1
| #define HAVE_STDLIB_H 1
| #define HAVE_STRING_H 1
| #define HAVE_MEMORY_H 1
| #define HAVE_STRINGS_H 1
| #define HAVE_INTTYPES_H 1
| #define HAVE_STDINT_H 1
| #define HAVE_UNISTD_H 1
| #define HAVE_ALLOCA_H 1
| #define HAVE_ALLOCA 1
| #define STDC_HEADERS 1
| #define HAVE_FLOAT_H 1
| #define HAVE_LIMITS_H 1
| #define HAVE_STDLIB_H 1
| #define HAVE_STRING_H 1
| #define HAVE_STRINGS_H 1
| #define HAVE_SYS_TIME_H 1
| #define HAVE_UNISTD_H 1
| #define HAVE__BOOL 1
| #define HAVE_STDBOOL_H 1
| #define TIME_WITH_SYS_TIME 1
| /* end confdefs.h.  */
| #include <error.h>
| int
| main ()
| {
| error_at_line (0, 0, "", 0, "an error occurred");
|   ;
|   return 0;
| }
configure:6744: result: no
configure:6757: checking for stdlib.h
configure:6757: result: yes
configure:6767: checking for GNU libc compatible malloc
configure:6791: gcc -o conftest -g -O2   conftest.c -lm  >&5
configure:6791: $? = 0
configure:6791: ./conftest
configure:6791: $? = 0
configure:6801: result: yes
configure:6824: checking for strftime
configure:6824: gcc -o conftest -g -O2   conftest.c -lm  >&5
conftest.c:64: warning: conflicting types for built-in function 'strftime'
configure:6824: $? = 0
configure:6824: result: yes
configure:6877: checking for working strtod
configure:6918: gcc -o conftest -g -O2   conftest.c -lm  >&5
configure:6918: $? = 0
configure:6918: ./conftest
configure:6918: $? = 0
configure:6928: result: yes
configure:6992: checking for vprintf
configure:6992: gcc -o conftest -g -O2   conftest.c -lm  >&5
conftest.c:65: warning: conflicting types for built-in function 'vprintf'
configure:6992: $? = 0
configure:6992: result: yes
configure:6998: checking for _doprnt
configure:6998: gcc -o conftest -g -O2   conftest.c -lm  >&5
Undefined symbols:
  "__doprnt", referenced from:
      _main in cc3zPQnO.o
ld: symbol(s) not found
collect2: ld returned 1 exit status
configure:6998: $? = 1
configure: failed program was:
| /* confdefs.h */
| #define PACKAGE_NAME "GMTK"
| #define PACKAGE_TARNAME "gmtk"
| #define PACKAGE_VERSION "0.1"
| #define PACKAGE_STRING "GMTK 0.1"
| #define PACKAGE_BUGREPORT "https://lungs.ee.washington.edu/trac/gmtk/newticket"
| #define PACKAGE_URL ""
| #define PACKAGE "gmtk"
| #define VERSION "0.1"
| #define ENABLE_GZIP 1
| #define ENABLE_BZIP2 1
| #define PIPE_ASCII_FILES_THROUGH_CPP 1
| #define HAVE_HG_H 1
| #define HAVE_LIBM 1
| #define STDC_HEADERS 1
| #define HAVE_SYS_TYPES_H 1
| #define HAVE_SYS_STAT_H 1
| #define HAVE_STDLIB_H 1
| #define HAVE_STRING_H 1
| #define HAVE_MEMORY_H 1
| #define HAVE_STRINGS_H 1
| #define HAVE_INTTYPES_H 1
| #define HAVE_STDINT_H 1
| #define HAVE_UNISTD_H 1
| #define HAVE_ALLOCA_H 1
| #define HAVE_ALLOCA 1
| #define STDC_HEADERS 1
| #define HAVE_FLOAT_H 1
| #define HAVE_LIMITS_H 1
| #define HAVE_STDLIB_H 1
| #define HAVE_STRING_H 1
| #define HAVE_STRINGS_H 1
| #define HAVE_SYS_TIME_H 1
| #define HAVE_UNISTD_H 1
| #define HAVE__BOOL 1
| #define HAVE_STDBOOL_H 1
| #define TIME_WITH_SYS_TIME 1
| #define HAVE_STDLIB_H 1
| #define HAVE_MALLOC 1
| #define HAVE_STRFTIME 1
| #define HAVE_VPRINTF 1
| /* end confdefs.h.  */
| /* Define _doprnt to an innocuous variant, in case <limits.h> declares _doprnt.
|    For example, HP-UX 11i <limits.h> declares gettimeofday.  */
| #define _doprnt innocuous__doprnt
| 
| /* System header to define __stub macros and hopefully few prototypes,
|     which can conflict with char _doprnt (); below.
|     Prefer <limits.h> to <assert.h> if __STDC__ is defined, since
|     <limits.h> exists even on freestanding compilers.  */
| 
| #ifdef __STDC__
| # include <limits.h>
| #else
| # include <assert.h>
| #endif
| 
| #undef _doprnt
| 
| /* Override any GCC internal prototype to avoid an error.
|    Use char because int might match the return type of a GCC
|    builtin and then its argument prototype would still apply.  */
| #ifdef __cplusplus
| extern "C"
| #endif
| char _doprnt ();
| /* The GNU C library defines this for functions which it implements
|     to always fail with ENOSYS.  Some functions are actually named
|     something starting with __ and the normal name is an alias.  */
| #if defined __stub__doprnt || defined __stub____doprnt
| choke me
| #endif
| 
| int
| main ()
| {
| return _doprnt ();
|   ;
|   return 0;
| }
configure:6998: result: no
configure:7015: checking for stdlib.h
configure:7015: result: yes
configure:7015: checking for unistd.h
configure:7015: result: yes
configure:7015: checking for sys/param.h
configure:7015: gcc -c -g -O2  conftest.c >&5
configure:7015: $? = 0
configure:7015: result: yes
configure:7035: checking for getpagesize
configure:7035: gcc -o conftest -g -O2   conftest.c -lm  >&5
configure:7035: $? = 0
configure:7035: result: yes
configure:7044: checking for working mmap
configure:7191: gcc -o conftest -g -O2   conftest.c -lm  >&5
configure:7191: $? = 0
configure:7191: ./conftest
configure:7191: $? = 0
configure:7201: result: yes
configure:7210: checking for _LARGEFILE_SOURCE value needed for large files
configure:7229: gcc -o conftest -g -O2   conftest.c -lm  >&5
configure:7229: $? = 0
configure:7257: result: no
configure:7281: checking for floor
configure:7281: gcc -o conftest -g -O2   conftest.c -lm  >&5
conftest.c:72: warning: conflicting types for built-in function 'floor'
configure:7281: $? = 0
configure:7281: result: yes
configure:7281: checking for pow
configure:7281: gcc -o conftest -g -O2   conftest.c -lm  >&5
conftest.c:73: warning: conflicting types for built-in function 'pow'
configure:7281: $? = 0
configure:7281: result: yes
configure:7281: checking for sqrt
configure:7281: gcc -o conftest -g -O2   conftest.c -lm  >&5
conftest.c:74: warning: conflicting types for built-in function 'sqrt'
configure:7281: $? = 0
configure:7281: result: yes
configure:7281: checking for strchr
configure:7281: gcc -o conftest -g -O2   conftest.c -lm  >&5
conftest.c:75: warning: conflicting types for built-in function 'strchr'
configure:7281: $? = 0
configure:7281: result: yes
configure:7281: checking for strerror
configure:7281: gcc -o conftest -g -O2   conftest.c -lm  >&5
configure:7281: $? = 0
configure:7281: result: yes
configure:7281: checking for strspn
configure:7281: gcc -o conftest -g -O2   conftest.c -lm  >&5
conftest.c:77: warning: conflicting types for built-in function 'strspn'
configure:7281: $? = 0
configure:7281: result: yes
configure:7281: checking for strtol
configure:7281: gcc -o conftest -g -O2   conftest.c -lm  >&5
configure:7281: $? = 0
configure:7281: result: yes
configure:7281: checking for strtoul
configure:7281: gcc -o conftest -g -O2   conftest.c -lm  >&5
configure:7281: $? = 0
configure:7281: result: yes
configure:7281: checking for log1p
configure:7281: gcc -o conftest -g -O2   conftest.c -lm  >&5
conftest.c:80: warning: conflicting types for built-in function 'log1p'
configure:7281: $? = 0
configure:7281: result: yes
configure:7449: checking that generated files are newer than configure
configure:7455: result: done
configure:7502: creating ./config.status

## ---------------------- ##
## Running config.status. ##
## ---------------------- ##

This file was extended by GMTK config.status 0.1, which was
generated by GNU Autoconf 2.69.  Invocation command line was

  CONFIG_FILES    = 
  CONFIG_HEADERS  = 
  CONFIG_LINKS    = 
  CONFIG_COMMANDS = 
  $ ./config.status 

on g

config.status:921: creating Makefile
config.status:921: creating config.h
config.status:1102: config.h is unchanged
config.status:1150: executing depfiles commands

## ---------------- ##
## Cache variables. ##
## ---------------- ##

ac_cv_build=x86_64-apple-darwin10.8.0
ac_cv_c_compiler_gnu=yes
ac_cv_c_const=yes
ac_cv_c_inline=inline
ac_cv_c_volatile=yes
ac_cv_cxx_compiler_gnu=yes
ac_cv_env_CCC_set=
ac_cv_env_CCC_value=
ac_cv_env_CC_set=
ac_cv_env_CC_value=
ac_cv_env_CFLAGS_set=
ac_cv_env_CFLAGS_value=
ac_cv_env_CPPFLAGS_set=
ac_cv_env_CPPFLAGS_value=
ac_cv_env_CPP_set=
ac_cv_env_CPP_value=
ac_cv_env_CXXFLAGS_set=
ac_cv_env_CXXFLAGS_value=
ac_cv_env_CXX_set=
ac_cv_env_CXX_value=
ac_cv_env_LDFLAGS_set=
ac_cv_env_LDFLAGS_value=
ac_cv_env_LIBS_set=
ac_cv_env_LIBS_value=
ac_cv_env_build_alias_set=
ac_cv_env_build_alias_value=
ac_cv_env_host_alias_set=
ac_cv_env_host_alias_value=
ac_cv_env_target_alias_set=
ac_cv_env_target_alias_value=
ac_cv_file_____hg_dirstate=no
ac_cv_file_hgstamp_h=yes
ac_cv_func__doprnt=no
ac_cv_func_alloca_works=yes
ac_cv_func_floor=yes
ac_cv_func_getpagesize=yes
ac_cv_func_log1p=yes
ac_cv_func_malloc_0_nonnull=yes
ac_cv_func_mmap_fixed_mapped=yes
ac_cv_func_pow=yes
ac_cv_func_sqrt=yes
ac_cv_func_strchr=yes
ac_cv_func_strerror=yes
ac_cv_func_strftime=yes
ac_cv_func_strspn=yes
ac_cv_func_strtod=yes
ac_cv_func_strtol=yes
ac_cv_func_strtoul=yes
ac_cv_func_vprintf=yes
ac_cv_header_float_h=yes
ac_cv_header_inttypes_h=yes
ac_cv_header_limits_h=yes
ac_cv_header_memory_h=yes
ac_cv_header_stdbool_h=yes
ac_cv_header_stdc=yes
ac_cv_header_stdint_h=yes
ac_cv_header_stdlib_h=yes
ac_cv_header_string_h=yes
ac_cv_header_strings_h=yes
ac_cv_header_sys_param_h=yes
ac_cv_header_sys_stat_h=yes
ac_cv_header_sys_time_h=yes
ac_cv_header_sys_types_h=yes
ac_cv_header_time=yes
ac_cv_header_unistd_h=yes
ac_cv_host=x86_64-apple-darwin10.8.0
ac_cv_lib_error_at_line=no
ac_cv_lib_m_sqrt=yes
ac_cv_objext=o
ac_cv_path_EGREP='/usr/bin/grep -E'
ac_cv_path_GREP=/usr/bin/grep
ac_cv_path_INTLTOOL_PERL=/usr/bin/perl
ac_cv_path_install='/usr/bin/install -c'
ac_cv_prog_AWK=gawk
ac_cv_prog_CPP='gcc -E'
ac_cv_prog_ac_ct_AR=ar
ac_cv_prog_ac_ct_CC=gcc
ac_cv_prog_ac_ct_CXX=g++
ac_cv_prog_ac_ct_RANLIB=ranlib
ac_cv_prog_cc_c89=
ac_cv_prog_cc_g=yes
ac_cv_prog_cc_gcc_c_o=yes
ac_cv_prog_cxx_g=yes
ac_cv_prog_make_make_set=yes
ac_cv_struct_tm=time.h
ac_cv_sys_largefile_source=no
ac_cv_type__Bool=yes
ac_cv_type_size_t=yes
ac_cv_working_alloca_h=yes
am_cv_CC_dependencies_compiler_type=gcc3
am_cv_CXX_dependencies_compiler_type=gcc3
am_cv_ar_interface=ar
am_cv_make_support_nested_variables=yes

## ----------------- ##
## Output variables. ##
## ----------------- ##

ACLOCAL='${SHELL} /Users/adam/code/TwitterHealth2.0/gmtk-2012-12-07_2148/miscSupport/missing --run aclocal-1.12'
ALLOCA=''
AMDEPBACKSLASH='\'
AMDEP_FALSE='#'
AMDEP_TRUE=''
AMTAR='$${TAR-tar}'
AM_BACKSLASH='\'
AM_DEFAULT_V='$(AM_DEFAULT_VERBOSITY)'
AM_DEFAULT_VERBOSITY='1'
AM_V='$(V)'
AR='ar'
AUTOCONF='${SHELL} /Users/adam/code/TwitterHealth2.0/gmtk-2012-12-07_2148/miscSupport/missing --run autoconf'
AUTOHEADER='${SHELL} /Users/adam/code/TwitterHealth2.0/gmtk-2012-12-07_2148/miscSupport/missing --run autoheader'
AUTOMAKE='${SHELL} /Users/adam/code/TwitterHealth2.0/gmtk-2012-12-07_2148/miscSupport/missing --run automake-1.12'
AWK='gawk'
CC='gcc'
CCDEPMODE='depmode=gcc3'
CFLAGS='-g -O2'
CPP='gcc -E'
CPPFLAGS=''
CXX='g++'
CXXDEPMODE='depmode=gcc3'
CXXFLAGS=''
CYGPATH_W='echo'
CYGWIN_FLAGS_FALSE=''
CYGWIN_FLAGS_TRUE='#'
DEFS='-DHAVE_CONFIG_H'
DEPDIR='.deps'
ECHO_C='\c'
ECHO_N=''
ECHO_T=''
EGREP='/usr/bin/grep -E'
EXEEXT=''
GMTKCPPCMD='gcc -E -x assembler-with-cpp'
GREP='/usr/bin/grep'
HAVE_HG=''
HAVE_HG_FALSE=''
HAVE_HG_TRUE='#'
INSTALL_DATA='${INSTALL} -m 644'
INSTALL_PROGRAM='${INSTALL}'
INSTALL_SCRIPT='${INSTALL}'
INSTALL_STRIP_PROGRAM='$(install_sh) -c -s'
LDFLAGS=''
LIBOBJS=' ${LIBOBJDIR}error$U.o'
LIBS='-lm '
LTLIBOBJS=' ${LIBOBJDIR}error$U.lo'
MAKEINFO='${SHELL} /Users/adam/code/TwitterHealth2.0/gmtk-2012-12-07_2148/miscSupport/missing --run makeinfo'
MKDIR_P='./install-sh -c -d'
NO_ASSERTIONS_FALSE=''
NO_ASSERTIONS_TRUE='#'
NO_MODEL_CHECKS_FALSE=''
NO_MODEL_CHECKS_TRUE='#'
OBJEXT='o'
PACKAGE='gmtk'
PACKAGE_BUGREPORT='https://lungs.ee.washington.edu/trac/gmtk/newticket'
PACKAGE_NAME='GMTK'
PACKAGE_STRING='GMTK 0.1'
PACKAGE_TARNAME='gmtk'
PACKAGE_URL=''
PACKAGE_VERSION='0.1'
PATH_SEPARATOR=':'
POW_LIB=''
RANLIB='ranlib'
SET_MAKE=''
SHELL='/bin/sh'
STRIP=''
VERSION='0.1'
XOPEN=''
ac_ct_AR='ar'
ac_ct_CC='gcc'
ac_ct_CXX='g++'
am__EXEEXT_FALSE=''
am__EXEEXT_TRUE='#'
am__fastdepCC_FALSE='#'
am__fastdepCC_TRUE=''
am__fastdepCXX_FALSE='#'
am__fastdepCXX_TRUE=''
am__include='include'
am__isrc=''
am__leading_dot='.'
am__nodep='_no'
am__quote=''
am__tar='$${TAR-tar} chof - "$$tardir"'
am__untar='$${TAR-tar} xf -'
bindir='${exec_prefix}/bin'
build='x86_64-apple-darwin10.8.0'
build_alias=''
build_cpu='x86_64'
build_os='darwin10.8.0'
build_vendor='apple'
datadir='${datarootdir}'
datarootdir='${prefix}/share'
docdir='${datarootdir}/doc/${PACKAGE_TARNAME}'
dvidir='${docdir}'
exec_prefix='${prefix}'
gmtkCPPCMD='gcc -E -x assembler-with-cpp'
host='x86_64-apple-darwin10.8.0'
host_alias=''
host_cpu='x86_64'
host_os='darwin10.8.0'
host_vendor='apple'
htmldir='${docdir}'
includedir='${prefix}/include'
infodir='${datarootdir}/info'
install_sh='${SHELL} /Users/adam/code/TwitterHealth2.0/gmtk-2012-12-07_2148/miscSupport/install-sh'
libdir='${exec_prefix}/lib'
libexecdir='${exec_prefix}/libexec'
localedir='${datarootdir}/locale'
localstatedir='${prefix}/var'
mandir='${datarootdir}/man'
mkdir_p='$(MKDIR_P)'
oldincludedir='/usr/include'
pdfdir='${docdir}'
prefix='/usr/local'
program_transform_name='s,x,x,'
psdir='${docdir}'
sbindir='${exec_prefix}/sbin'
sharedstatedir='${prefix}/com'
sysconfdir='${prefix}/etc'
target_alias=''

## ----------- ##
## confdefs.h. ##
## ----------- ##

/* confdefs.h */
#define PACKAGE_NAME "GMTK"
#define PACKAGE_TARNAME "gmtk"
#define PACKAGE_VERSION "0.1"
#define PACKAGE_STRING "GMTK 0.1"
#define PACKAGE_BUGREPORT "https://lungs.ee.washington.edu/trac/gmtk/newticket"
#define PACKAGE_URL ""
#define PACKAGE "gmtk"
#define VERSION "0.1"
#define ENABLE_GZIP 1
#define ENABLE_BZIP2 1
#define PIPE_ASCII_FILES_THROUGH_CPP 1
#define HAVE_HG_H 1
#define HAVE_LIBM 1
#define STDC_HEADERS 1
#define HAVE_SYS_TYPES_H 1
#define HAVE_SYS_STAT_H 1
#define HAVE_STDLIB_H 1
#define HAVE_STRING_H 1
#define HAVE_MEMORY_H 1
#define HAVE_STRINGS_H 1
#define HAVE_INTTYPES_H 1
#define HAVE_STDINT_H 1
#define HAVE_UNISTD_H 1
#define HAVE_ALLOCA_H 1
#define HAVE_ALLOCA 1
#define STDC_HEADERS 1
#define HAVE_FLOAT_H 1
#define HAVE_LIMITS_H 1
#define HAVE_STDLIB_H 1
#define HAVE_STRING_H 1
#define HAVE_STRINGS_H 1
#define HAVE_SYS_TIME_H 1
#define HAVE_UNISTD_H 1
#define HAVE__BOOL 1
#define HAVE_STDBOOL_H 1
#define TIME_WITH_SYS_TIME 1
#define HAVE_STDLIB_H 1
#define HAVE_MALLOC 1
#define HAVE_STRFTIME 1
#define HAVE_VPRINTF 1
#define HAVE_STDLIB_H 1
#define HAVE_UNISTD_H 1
#define HAVE_SYS_PARAM_H 1
#define HAVE_GETPAGESIZE 1
#define HAVE_MMAP 1
#define HAVE_FSEEKO 1
#define HAVE_FLOOR 1
#define HAVE_POW 1
#define HAVE_SQRT 1
#define HAVE_STRCHR 1
#define HAVE_STRERROR 1
#define HAVE_STRSPN 1
#define HAVE_STRTOL 1
#define HAVE_STRTOUL 1
#define HAVE_LOG1P 1
#define LZERO (-1.0E17)

configure: exit 0
