This file contains any messages produced by compilers while
running configure, to aid debugging if configure makes a mistake.

It was created by GMTK configure 0.1, which was
generated by GNU Autoconf 2.69.  Invocation command line was

  $ ./configure --disable-option-checking --prefix=/usr/local CFLAGS=-m64 CXXFLAGS=-m64 LDFLAGS=-m64 --cache-file=/dev/null --srcdir=.

## --------- ##
## Platform. ##
## --------- ##

hostname = adams-iMac.local
uname -m = x86_64
uname -r = 12.2.0
uname -s = Darwin
uname -v = Darwin Kernel Version 12.2.0: Sat Aug 25 00:48:52 PDT 2012; root:xnu-2050.18.24~1/RELEASE_X86_64

/usr/bin/uname -p = i386
/bin/uname -X     = unknown

/bin/arch              = unknown
/usr/bin/arch -k       = unknown
/usr/convex/getsysinfo = unknown
/usr/bin/hostinfo      = Mach kernel version:
	 Darwin Kernel Version 12.2.0: Sat Aug 25 00:48:52 PDT 2012; root:xnu-2050.18.24~1/RELEASE_X86_64
Kernel configured for up to 4 processors.
4 processors are physically available.
4 processors are logically available.
Processor type: i486 (Intel 80486)
Processors active: 0 1 2 3
Primary memory available: 16.00 gigabytes
Default processor set: 178 tasks, 1010 threads, 4 processors
Load average: 2.75, Mach factor: 1.72
/bin/machine           = unknown
/usr/bin/oslevel       = unknown
/bin/universe          = unknown

PATH: /usr/local/bin
PATH: /usr/local/sbin
PATH: /usr/local/share/python
PATH: /Users/adam/bin/
PATH: /usr/bin
PATH: /bin
PATH: /usr/sbin
PATH: /sbin
PATH: /usr/local/bin
PATH: /opt/X11/bin
PATH: /usr/texbin


## ----------- ##
## Core tests. ##
## ----------- ##

configure:2294: checking build system type
configure:2308: result: x86_64-apple-darwin12.2.0
configure:2328: checking host system type
configure:2341: result: x86_64-apple-darwin12.2.0
configure:2380: checking for a BSD-compatible install
configure:2448: result: /usr/bin/install -c
configure:2459: checking whether build environment is sane
configure:2514: result: yes
configure:2665: checking for a thread-safe mkdir -p
configure:2704: result: ./install-sh -c -d
configure:2711: checking for gawk
configure:2741: result: no
configure:2711: checking for mawk
configure:2741: result: no
configure:2711: checking for nawk
configure:2741: result: no
configure:2711: checking for awk
configure:2727: found /usr/bin/awk
configure:2738: result: awk
configure:2749: checking whether make sets $(MAKE)
configure:2771: result: yes
configure:2800: checking whether make supports nested variables
configure:2817: result: yes
configure:2965: checking for g++
configure:2981: found /usr/bin/g++
configure:2992: result: g++
configure:3019: checking for C++ compiler version
configure:3028: g++ --version >&5
i686-apple-darwin11-llvm-g++-4.2 (GCC) 4.2.1 (Based on Apple Inc. build 5658) (LLVM build 2336.11.00)
Copyright (C) 2007 Free Software Foundation, Inc.
This is free software; see the source for copying conditions.  There is NO
warranty; not even for MERCHANTABILITY or FITNESS FOR A PARTICULAR PURPOSE.

configure:3039: $? = 0
configure:3028: g++ -v >&5
Using built-in specs.
Target: i686-apple-darwin11
Configured with: /private/var/tmp/llvmgcc42/llvmgcc42-2336.11~28/src/configure --disable-checking --enable-werror --prefix=/Applications/Xcode.app/Contents/Developer/usr/llvm-gcc-4.2 --mandir=/share/man --enable-languages=c,objc,c++,obj-c++ --program-prefix=llvm- --program-transform-name=/^[cg][^.-]*$/s/$/-4.2/ --with-slibdir=/usr/lib --build=i686-apple-darwin11 --enable-llvm=/private/var/tmp/llvmgcc42/llvmgcc42-2336.11~28/dst-llvmCore/Developer/usr/local --program-prefix=i686-apple-darwin11- --host=x86_64-apple-darwin11 --target=i686-apple-darwin11 --with-gxx-include-dir=/usr/include/c++/4.2.1
Thread model: posix
gcc version 4.2.1 (Based on Apple Inc. build 5658) (LLVM build 2336.11.00)
configure:3039: $? = 0
configure:3028: g++ -V >&5
llvm-g++-4.2: argument to `-V' is missing
configure:3039: $? = 1
configure:3028: g++ -qversion >&5
i686-apple-darwin11-llvm-g++-4.2: no input files
configure:3039: $? = 1
configure:3059: checking whether the C++ compiler works
configure:3081: g++ -m64  -m64 conftest.cpp  >&5
configure:3085: $? = 0
configure:3133: result: yes
configure:3136: checking for C++ compiler default output file name
configure:3138: result: a.out
configure:3144: checking for suffix of executables
configure:3151: g++ -o conftest -m64  -m64 conftest.cpp  >&5
configure:3155: $? = 0
configure:3177: result: 
configure:3199: checking whether we are cross compiling
configure:3207: g++ -o conftest -m64  -m64 conftest.cpp  >&5
configure:3211: $? = 0
configure:3218: ./conftest
configure:3222: $? = 0
configure:3237: result: no
configure:3242: checking for suffix of object files
configure:3264: g++ -c -m64  conftest.cpp >&5
configure:3268: $? = 0
configure:3289: result: o
configure:3293: checking whether we are using the GNU C++ compiler
configure:3312: g++ -c -m64  conftest.cpp >&5
configure:3312: $? = 0
configure:3321: result: yes
configure:3330: checking whether g++ accepts -g
configure:3350: g++ -c -g  conftest.cpp >&5
configure:3350: $? = 0
configure:3391: result: yes
configure:3425: checking for style of include used by make
configure:3453: result: GNU
configure:3479: checking dependency style of g++
configure:3590: result: gcc3
configure:3653: checking for gcc
configure:3669: found /usr/bin/gcc
configure:3680: result: gcc
configure:3909: checking for C compiler version
configure:3918: gcc --version >&5
i686-apple-darwin11-llvm-gcc-4.2 (GCC) 4.2.1 (Based on Apple Inc. build 5658) (LLVM build 2336.11.00)
Copyright (C) 2007 Free Software Foundation, Inc.
This is free software; see the source for copying conditions.  There is NO
warranty; not even for MERCHANTABILITY or FITNESS FOR A PARTICULAR PURPOSE.

configure:3929: $? = 0
configure:3918: gcc -v >&5
Using built-in specs.
Target: i686-apple-darwin11
Configured with: /private/var/tmp/llvmgcc42/llvmgcc42-2336.11~28/src/configure --disable-checking --enable-werror --prefix=/Applications/Xcode.app/Contents/Developer/usr/llvm-gcc-4.2 --mandir=/share/man --enable-languages=c,objc,c++,obj-c++ --program-prefix=llvm- --program-transform-name=/^[cg][^.-]*$/s/$/-4.2/ --with-slibdir=/usr/lib --build=i686-apple-darwin11 --enable-llvm=/private/var/tmp/llvmgcc42/llvmgcc42-2336.11~28/dst-llvmCore/Developer/usr/local --program-prefix=i686-apple-darwin11- --host=x86_64-apple-darwin11 --target=i686-apple-darwin11 --with-gxx-include-dir=/usr/include/c++/4.2.1
Thread model: posix
gcc version 4.2.1 (Based on Apple Inc. build 5658) (LLVM build 2336.11.00)
configure:3929: $? = 0
configure:3918: gcc -V >&5
llvm-gcc-4.2: argument to `-V' is missing
configure:3929: $? = 1
configure:3918: gcc -qversion >&5
i686-apple-darwin11-llvm-gcc-4.2: no input files
configure:3929: $? = 1
configure:3933: checking whether we are using the GNU C compiler
configure:3952: gcc -c -m64  conftest.c >&5
configure:3952: $? = 0
configure:3961: result: yes
configure:3970: checking whether gcc accepts -g
configure:3990: gcc -c -g  conftest.c >&5
configure:3990: $? = 0
configure:4031: result: yes
configure:4048: checking for gcc option to accept ISO C89
configure:4111: gcc  -c -m64  conftest.c >&5
configure:4111: $? = 0
configure:4124: result: none needed
configure:4146: checking dependency style of gcc
configure:4257: result: gcc3
configure:4322: checking for ar
configure:4338: found /usr/bin/ar
configure:4349: result: ar
configure:4375: checking the archiver (ar) interface
configure:4385: gcc -c -m64  conftest.c >&5
configure:4385: $? = 0
configure:4387: ar cru libconftest.a conftest.o >&5
configure:4390: $? = 0
configure:4413: result: ar
configure:4476: checking for ranlib
configure:4492: found /usr/bin/ranlib
configure:4503: result: ranlib
configure:4525: checking whether ln -s works
configure:4529: result: yes
configure:4537: checking for ../.hg/dirstate
configure:4550: result: no
configure:4602: checking for hgstamp.h
configure:4615: result: no
configure:4654: checking how to run the C preprocessor
configure:4685: gcc -E  conftest.c
configure:4685: $? = 0
configure:4699: gcc -E  conftest.c
conftest.c:13:28: error: ac_nonexistent.h: No such file or directory
configure:4699: $? = 1
configure: failed program was:
| /* confdefs.h */
| #define PACKAGE_NAME "GMTK"
| #define PACKAGE_TARNAME "gmtk"
| #define PACKAGE_VERSION "0.1"
| #define PACKAGE_STRING "GMTK 0.1"
| #define PACKAGE_BUGREPORT "https://lungs.ee.washington.edu/trac/gmtk/newticket"
| #define PACKAGE_URL ""
| #define PACKAGE "gmtk"
| #define VERSION "0.1"
| #define HGID "UNKNOWN"
| #define HGDATE "UNKOWN"
| /* end confdefs.h.  */
| #include <ac_nonexistent.h>
configure:4724: result: gcc -E
configure:4744: gcc -E  conftest.c
configure:4744: $? = 0
configure:4758: gcc -E  conftest.c
conftest.c:13:28: error: ac_nonexistent.h: No such file or directory
configure:4758: $? = 1
configure: failed program was:
| /* confdefs.h */
| #define PACKAGE_NAME "GMTK"
| #define PACKAGE_TARNAME "gmtk"
| #define PACKAGE_VERSION "0.1"
| #define PACKAGE_STRING "GMTK 0.1"
| #define PACKAGE_BUGREPORT "https://lungs.ee.washington.edu/trac/gmtk/newticket"
| #define PACKAGE_URL ""
| #define PACKAGE "gmtk"
| #define VERSION "0.1"
| #define HGID "UNKNOWN"
| #define HGDATE "UNKOWN"
| /* end confdefs.h.  */
| #include <ac_nonexistent.h>
configure:4787: checking for grep that handles long lines and -e
configure:4845: result: /usr/bin/grep
configure:4850: checking for egrep
configure:4912: result: /usr/bin/grep -E
configure:4917: checking for ANSI C header files
configure:4937: gcc -c -m64  conftest.c >&5
configure:4937: $? = 0
configure:5010: gcc -o conftest -m64  -m64 conftest.c  >&5
configure:5010: $? = 0
configure:5010: ./conftest
configure:5010: $? = 0
configure:5021: result: yes
configure:5034: checking for sys/types.h
configure:5034: gcc -c -m64  conftest.c >&5
configure:5034: $? = 0
configure:5034: result: yes
configure:5034: checking for sys/stat.h
configure:5034: gcc -c -m64  conftest.c >&5
configure:5034: $? = 0
configure:5034: result: yes
configure:5034: checking for stdlib.h
configure:5034: gcc -c -m64  conftest.c >&5
configure:5034: $? = 0
configure:5034: result: yes
configure:5034: checking for string.h
configure:5034: gcc -c -m64  conftest.c >&5
configure:5034: $? = 0
configure:5034: result: yes
configure:5034: checking for memory.h
configure:5034: gcc -c -m64  conftest.c >&5
configure:5034: $? = 0
configure:5034: result: yes
configure:5034: checking for strings.h
configure:5034: gcc -c -m64  conftest.c >&5
configure:5034: $? = 0
configure:5034: result: yes
configure:5034: checking for inttypes.h
configure:5034: gcc -c -m64  conftest.c >&5
configure:5034: $? = 0
configure:5034: result: yes
configure:5034: checking for stdint.h
configure:5034: gcc -c -m64  conftest.c >&5
configure:5034: $? = 0
configure:5034: result: yes
configure:5034: checking for unistd.h
configure:5034: gcc -c -m64  conftest.c >&5
configure:5034: $? = 0
configure:5034: result: yes
configure:5049: checking float.h usability
configure:5049: gcc -c -m64  conftest.c >&5
configure:5049: $? = 0
configure:5049: result: yes
configure:5049: checking float.h presence
configure:5049: gcc -E  conftest.c
configure:5049: $? = 0
configure:5049: result: yes
configure:5049: checking for float.h
configure:5049: result: yes
configure:5049: checking for stdlib.h
configure:5049: result: yes
configure:5049: checking for string.h
configure:5049: result: yes
configure:5063: checking return type of signal handlers
configure:5081: gcc -c -m64  conftest.c >&5
conftest.c: In function 'main':
conftest.c:32: error: void value not ignored as it ought to be
configure:5081: $? = 1
configure: failed program was:
| /* confdefs.h */
| #define PACKAGE_NAME "GMTK"
| #define PACKAGE_TARNAME "gmtk"
| #define PACKAGE_VERSION "0.1"
| #define PACKAGE_STRING "GMTK 0.1"
| #define PACKAGE_BUGREPORT "https://lungs.ee.washington.edu/trac/gmtk/newticket"
| #define PACKAGE_URL ""
| #define PACKAGE "gmtk"
| #define VERSION "0.1"
| #define HGID "UNKNOWN"
| #define HGDATE "UNKOWN"
| #define STDC_HEADERS 1
| #define HAVE_SYS_TYPES_H 1
| #define HAVE_SYS_STAT_H 1
| #define HAVE_STDLIB_H 1
| #define HAVE_STRING_H 1
| #define HAVE_MEMORY_H 1
| #define HAVE_STRINGS_H 1
| #define HAVE_INTTYPES_H 1
| #define HAVE_STDINT_H 1
| #define HAVE_UNISTD_H 1
| #define HAVE_FLOAT_H 1
| #define HAVE_STDLIB_H 1
| #define HAVE_STRING_H 1
| /* end confdefs.h.  */
| #include <sys/types.h>
| #include <signal.h>
| 
| int
| main ()
| {
| return *(signal (0, 0)) (0) == 1;
|   ;
|   return 0;
| }
configure:5088: result: void
configure:5098: checking for memset
configure:5098: gcc -o conftest -m64  -m64 conftest.c  >&5
conftest.c:50: warning: conflicting types for built-in function 'memset'
configure:5098: $? = 0
configure:5098: result: yes
configure:5265: checking that generated files are newer than configure
configure:5271: result: done
configure:5306: creating ./config.status

## ---------------------- ##
## Running config.status. ##
## ---------------------- ##

This file was extended by GMTK config.status 0.1, which was
generated by GNU Autoconf 2.69.  Invocation command line was

  CONFIG_FILES    = 
  CONFIG_HEADERS  = 
  CONFIG_LINKS    = 
  CONFIG_COMMANDS = 
  $ ./config.status 

on adams-iMac.local

config.status:886: creating Makefile
config.status:886: creating config.h
config.status:1067: config.h is unchanged
config.status:1115: executing depfiles commands

## ---------------- ##
## Cache variables. ##
## ---------------- ##

ac_cv_build=x86_64-apple-darwin12.2.0
ac_cv_c_compiler_gnu=yes
ac_cv_cxx_compiler_gnu=yes
ac_cv_env_CCC_set=
ac_cv_env_CCC_value=
ac_cv_env_CC_set=
ac_cv_env_CC_value=
ac_cv_env_CFLAGS_set=set
ac_cv_env_CFLAGS_value=-m64
ac_cv_env_CPPFLAGS_set=
ac_cv_env_CPPFLAGS_value=
ac_cv_env_CPP_set=
ac_cv_env_CPP_value=
ac_cv_env_CXXFLAGS_set=set
ac_cv_env_CXXFLAGS_value=-m64
ac_cv_env_CXX_set=
ac_cv_env_CXX_value=
ac_cv_env_LDFLAGS_set=set
ac_cv_env_LDFLAGS_value=-m64
ac_cv_env_LIBS_set=
ac_cv_env_LIBS_value=
ac_cv_env_build_alias_set=
ac_cv_env_build_alias_value=
ac_cv_env_host_alias_set=
ac_cv_env_host_alias_value=
ac_cv_env_target_alias_set=
ac_cv_env_target_alias_value=
ac_cv_file_____hg_dirstate=no
ac_cv_file_hgstamp_h=no
ac_cv_func_memset=yes
ac_cv_header_float_h=yes
ac_cv_header_inttypes_h=yes
ac_cv_header_memory_h=yes
ac_cv_header_stdc=yes
ac_cv_header_stdint_h=yes
ac_cv_header_stdlib_h=yes
ac_cv_header_string_h=yes
ac_cv_header_strings_h=yes
ac_cv_header_sys_stat_h=yes
ac_cv_header_sys_types_h=yes
ac_cv_header_unistd_h=yes
ac_cv_host=x86_64-apple-darwin12.2.0
ac_cv_objext=o
ac_cv_path_EGREP='/usr/bin/grep -E'
ac_cv_path_GREP=/usr/bin/grep
ac_cv_path_install='/usr/bin/install -c'
ac_cv_prog_AWK=awk
ac_cv_prog_CPP='gcc -E'
ac_cv_prog_ac_ct_AR=ar
ac_cv_prog_ac_ct_CC=gcc
ac_cv_prog_ac_ct_CXX=g++
ac_cv_prog_ac_ct_RANLIB=ranlib
ac_cv_prog_cc_c89=
ac_cv_prog_cc_g=yes
ac_cv_prog_cxx_g=yes
ac_cv_prog_make_make_set=yes
ac_cv_type_signal=void
am_cv_CC_dependencies_compiler_type=gcc3
am_cv_CXX_dependencies_compiler_type=gcc3
am_cv_ar_interface=ar
am_cv_make_support_nested_variables=yes

## ----------------- ##
## Output variables. ##
## ----------------- ##

ACLOCAL='${SHELL} /Users/adam/code/gmtk-2012-12-07_2148/IEEEFloatingpoint/missing --run aclocal-1.12'
AMDEPBACKSLASH='\'
AMDEP_FALSE='#'
AMDEP_TRUE=''
AMTAR='$${TAR-tar}'
AM_BACKSLASH='\'
AM_DEFAULT_V='$(AM_DEFAULT_VERBOSITY)'
AM_DEFAULT_VERBOSITY='1'
AM_V='$(V)'
AR='ar'
AUTOCONF='${SHELL} /Users/adam/code/gmtk-2012-12-07_2148/IEEEFloatingpoint/missing --run autoconf'
AUTOHEADER='${SHELL} /Users/adam/code/gmtk-2012-12-07_2148/IEEEFloatingpoint/missing --run autoheader'
AUTOMAKE='${SHELL} /Users/adam/code/gmtk-2012-12-07_2148/IEEEFloatingpoint/missing --run automake-1.12'
AWK='awk'
CC='gcc'
CCDEPMODE='depmode=gcc3'
CFLAGS='-m64'
CPP='gcc -E'
CPPFLAGS=''
CXX='g++'
CXXDEPMODE='depmode=gcc3'
CXXFLAGS='-m64'
CYGPATH_W='echo'
DEFS='-DHAVE_CONFIG_H'
DEPDIR='.deps'
ECHO_C='\c'
ECHO_N=''
ECHO_T=''
EGREP='/usr/bin/grep -E'
EXEEXT=''
GREP='/usr/bin/grep'
HAVE_HG=''
HAVE_HG_FALSE=''
HAVE_HG_TRUE='#'
INSTALL_DATA='${INSTALL} -m 644'
INSTALL_PROGRAM='${INSTALL}'
INSTALL_SCRIPT='${INSTALL}'
INSTALL_STRIP_PROGRAM='$(install_sh) -c -s'
LDFLAGS='-m64'
LIBOBJS=''
LIBS=''
LN_S='ln -s'
LTLIBOBJS=''
MAKEINFO='${SHELL} /Users/adam/code/gmtk-2012-12-07_2148/IEEEFloatingpoint/missing --run makeinfo'
MKDIR_P='./install-sh -c -d'
NO_ASSERTIONS_FALSE=''
NO_ASSERTIONS_TRUE='#'
NO_MODEL_CHECKS_FALSE=''
NO_MODEL_CHECKS_TRUE='#'
OBJEXT='o'
PACKAGE='gmtk'
PACKAGE_BUGREPORT='https://lungs.ee.washington.edu/trac/gmtk/newticket'
PACKAGE_NAME='GMTK'
PACKAGE_STRING='GMTK 0.1'
PACKAGE_TARNAME='gmtk'
PACKAGE_URL=''
PACKAGE_VERSION='0.1'
PATH_SEPARATOR=':'
RANLIB='ranlib'
SET_MAKE=''
SHELL='/bin/sh'
STRIP=''
UNKNOWN_PLATFORM_FALSE=''
UNKNOWN_PLATFORM_TRUE='#'
VERSION='0.1'
ac_ct_AR='ar'
ac_ct_CC='gcc'
ac_ct_CXX='g++'
am__EXEEXT_FALSE=''
am__EXEEXT_TRUE='#'
am__fastdepCC_FALSE='#'
am__fastdepCC_TRUE=''
am__fastdepCXX_FALSE='#'
am__fastdepCXX_TRUE=''
am__include='include'
am__isrc=''
am__leading_dot='.'
am__nodep='_no'
am__quote=''
am__tar='$${TAR-tar} chof - "$$tardir"'
am__untar='$${TAR-tar} xf -'
bindir='${exec_prefix}/bin'
build='x86_64-apple-darwin12.2.0'
build_alias=''
build_cpu='x86_64'
build_os='darwin12.2.0'
build_vendor='apple'
datadir='${datarootdir}'
datarootdir='${prefix}/share'
docdir='${datarootdir}/doc/${PACKAGE_TARNAME}'
dvidir='${docdir}'
exec_prefix='${prefix}'
host='x86_64-apple-darwin12.2.0'
host_alias=''
host_cpu='x86_64'
host_os='darwin12.2.0'
host_vendor='apple'
htmldir='${docdir}'
includedir='${prefix}/include'
infodir='${datarootdir}/info'
install_sh='${SHELL} /Users/adam/code/gmtk-2012-12-07_2148/IEEEFloatingpoint/install-sh'
libdir='${exec_prefix}/lib'
libexecdir='${exec_prefix}/libexec'
localedir='${datarootdir}/locale'
localstatedir='${prefix}/var'
mandir='${datarootdir}/man'
mkdir_p='$(MKDIR_P)'
oldincludedir='/usr/include'
pdfdir='${docdir}'
prefix='/usr/local'
program_transform_name='s,x,x,'
psdir='${docdir}'
sbindir='${exec_prefix}/sbin'
sharedstatedir='${prefix}/com'
sysconfdir='${prefix}/etc'
target_alias=''

## ----------- ##
## confdefs.h. ##
## ----------- ##

/* confdefs.h */
#define PACKAGE_NAME "GMTK"
#define PACKAGE_TARNAME "gmtk"
#define PACKAGE_VERSION "0.1"
#define PACKAGE_STRING "GMTK 0.1"
#define PACKAGE_BUGREPORT "https://lungs.ee.washington.edu/trac/gmtk/newticket"
#define PACKAGE_URL ""
#define PACKAGE "gmtk"
#define VERSION "0.1"
#define HGID "UNKNOWN"
#define HGDATE "UNKOWN"
#define STDC_HEADERS 1
#define HAVE_SYS_TYPES_H 1
#define HAVE_SYS_STAT_H 1
#define HAVE_STDLIB_H 1
#define HAVE_STRING_H 1
#define HAVE_MEMORY_H 1
#define HAVE_STRINGS_H 1
#define HAVE_INTTYPES_H 1
#define HAVE_STDINT_H 1
#define HAVE_UNISTD_H 1
#define HAVE_FLOAT_H 1
#define HAVE_STDLIB_H 1
#define HAVE_STRING_H 1
#define RETSIGTYPE void
#define HAVE_MEMSET 1

configure: exit 0
