This file contains any messages produced by compilers while
running configure, to aid debugging if configure makes a mistake.

It was created by GMTK configure 0.1, which was
generated by GNU Autoconf 2.69.  Invocation command line was

  $ ./configure --disable-option-checking --prefix=/usr/local CFLAGS=-m64 CXXFLAGS=-m64 LDFLAGS=-m64 --cache-file=/dev/null --srcdir=.

## --------- ##
## Platform. ##
## --------- ##

hostname = adams-iMac.local
uname -m = x86_64
uname -r = 12.2.0
uname -s = Darwin
uname -v = Darwin Kernel Version 12.2.0: Sat Aug 25 00:48:52 PDT 2012; root:xnu-2050.18.24~1/RELEASE_X86_64

/usr/bin/uname -p = i386
/bin/uname -X     = unknown

/bin/arch              = unknown
/usr/bin/arch -k       = unknown
/usr/convex/getsysinfo = unknown
/usr/bin/hostinfo      = Mach kernel version:
	 Darwin Kernel Version 12.2.0: Sat Aug 25 00:48:52 PDT 2012; root:xnu-2050.18.24~1/RELEASE_X86_64
Kernel configured for up to 4 processors.
4 processors are physically available.
4 processors are logically available.
Processor type: i486 (Intel 80486)
Processors active: 0 1 2 3
Primary memory available: 16.00 gigabytes
Default processor set: 178 tasks, 1008 threads, 4 processors
Load average: 2.67, Mach factor: 1.45
/bin/machine           = unknown
/usr/bin/oslevel       = unknown
/bin/universe          = unknown

PATH: /usr/local/bin
PATH: /usr/local/sbin
PATH: /usr/local/share/python
PATH: /Users/adam/bin/
PATH: /usr/bin
PATH: /bin
PATH: /usr/sbin
PATH: /sbin
PATH: /usr/local/bin
PATH: /opt/X11/bin
PATH: /usr/texbin


## ----------- ##
## Core tests. ##
## ----------- ##

configure:2669: checking build system type
configure:2683: result: x86_64-apple-darwin12.2.0
configure:2703: checking host system type
configure:2716: result: x86_64-apple-darwin12.2.0
configure:2757: checking for a BSD-compatible install
configure:2825: result: /usr/bin/install -c
configure:2836: checking whether build environment is sane
configure:2891: result: yes
configure:3042: checking for a thread-safe mkdir -p
configure:3081: result: ./install-sh -c -d
configure:3088: checking for gawk
configure:3118: result: no
configure:3088: checking for mawk
configure:3118: result: no
configure:3088: checking for nawk
configure:3118: result: no
configure:3088: checking for awk
configure:3104: found /usr/bin/awk
configure:3115: result: awk
configure:3126: checking whether make sets $(MAKE)
configure:3148: result: yes
configure:3177: checking whether make supports nested variables
configure:3194: result: yes
configure:3366: checking for g++
configure:3382: found /usr/bin/g++
configure:3393: result: g++
configure:3420: checking for C++ compiler version
configure:3429: g++ --version >&5
i686-apple-darwin11-llvm-g++-4.2 (GCC) 4.2.1 (Based on Apple Inc. build 5658) (LLVM build 2336.11.00)
Copyright (C) 2007 Free Software Foundation, Inc.
This is free software; see the source for copying conditions.  There is NO
warranty; not even for MERCHANTABILITY or FITNESS FOR A PARTICULAR PURPOSE.

configure:3440: $? = 0
configure:3429: g++ -v >&5
Using built-in specs.
Target: i686-apple-darwin11
Configured with: /private/var/tmp/llvmgcc42/llvmgcc42-2336.11~28/src/configure --disable-checking --enable-werror --prefix=/Applications/Xcode.app/Contents/Developer/usr/llvm-gcc-4.2 --mandir=/share/man --enable-languages=c,objc,c++,obj-c++ --program-prefix=llvm- --program-transform-name=/^[cg][^.-]*$/s/$/-4.2/ --with-slibdir=/usr/lib --build=i686-apple-darwin11 --enable-llvm=/private/var/tmp/llvmgcc42/llvmgcc42-2336.11~28/dst-llvmCore/Developer/usr/local --program-prefix=i686-apple-darwin11- --host=x86_64-apple-darwin11 --target=i686-apple-darwin11 --with-gxx-include-dir=/usr/include/c++/4.2.1
Thread model: posix
gcc version 4.2.1 (Based on Apple Inc. build 5658) (LLVM build 2336.11.00)
configure:3440: $? = 0
configure:3429: g++ -V >&5
llvm-g++-4.2: argument to `-V' is missing
configure:3440: $? = 1
configure:3429: g++ -qversion >&5
i686-apple-darwin11-llvm-g++-4.2: no input files
configure:3440: $? = 1
configure:3460: checking whether the C++ compiler works
configure:3482: g++ -m64  -m64 conftest.cpp  >&5
configure:3486: $? = 0
configure:3534: result: yes
configure:3537: checking for C++ compiler default output file name
configure:3539: result: a.out
configure:3545: checking for suffix of executables
configure:3552: g++ -o conftest -m64  -m64 conftest.cpp  >&5
configure:3556: $? = 0
configure:3578: result: 
configure:3600: checking whether we are cross compiling
configure:3608: g++ -o conftest -m64  -m64 conftest.cpp  >&5
configure:3612: $? = 0
configure:3619: ./conftest
configure:3623: $? = 0
configure:3638: result: no
configure:3643: checking for suffix of object files
configure:3665: g++ -c -m64  conftest.cpp >&5
configure:3669: $? = 0
configure:3690: result: o
configure:3694: checking whether we are using the GNU C++ compiler
configure:3713: g++ -c -m64  conftest.cpp >&5
configure:3713: $? = 0
configure:3722: result: yes
configure:3731: checking whether g++ accepts -g
configure:3751: g++ -c -g  conftest.cpp >&5
configure:3751: $? = 0
configure:3792: result: yes
configure:3826: checking for style of include used by make
configure:3854: result: GNU
configure:3880: checking dependency style of g++
configure:3991: result: gcc3
configure:4054: checking for gcc
configure:4070: found /usr/bin/gcc
configure:4081: result: gcc
configure:4310: checking for C compiler version
configure:4319: gcc --version >&5
i686-apple-darwin11-llvm-gcc-4.2 (GCC) 4.2.1 (Based on Apple Inc. build 5658) (LLVM build 2336.11.00)
Copyright (C) 2007 Free Software Foundation, Inc.
This is free software; see the source for copying conditions.  There is NO
warranty; not even for MERCHANTABILITY or FITNESS FOR A PARTICULAR PURPOSE.

configure:4330: $? = 0
configure:4319: gcc -v >&5
Using built-in specs.
Target: i686-apple-darwin11
Configured with: /private/var/tmp/llvmgcc42/llvmgcc42-2336.11~28/src/configure --disable-checking --enable-werror --prefix=/Applications/Xcode.app/Contents/Developer/usr/llvm-gcc-4.2 --mandir=/share/man --enable-languages=c,objc,c++,obj-c++ --program-prefix=llvm- --program-transform-name=/^[cg][^.-]*$/s/$/-4.2/ --with-slibdir=/usr/lib --build=i686-apple-darwin11 --enable-llvm=/private/var/tmp/llvmgcc42/llvmgcc42-2336.11~28/dst-llvmCore/Developer/usr/local --program-prefix=i686-apple-darwin11- --host=x86_64-apple-darwin11 --target=i686-apple-darwin11 --with-gxx-include-dir=/usr/include/c++/4.2.1
Thread model: posix
gcc version 4.2.1 (Based on Apple Inc. build 5658) (LLVM build 2336.11.00)
configure:4330: $? = 0
configure:4319: gcc -V >&5
llvm-gcc-4.2: argument to `-V' is missing
configure:4330: $? = 1
configure:4319: gcc -qversion >&5
i686-apple-darwin11-llvm-gcc-4.2: no input files
configure:4330: $? = 1
configure:4334: checking whether we are using the GNU C compiler
configure:4353: gcc -c -m64  conftest.c >&5
configure:4353: $? = 0
configure:4362: result: yes
configure:4371: checking whether gcc accepts -g
configure:4391: gcc -c -g  conftest.c >&5
configure:4391: $? = 0
configure:4432: result: yes
configure:4449: checking for gcc option to accept ISO C89
configure:4512: gcc  -c -m64  conftest.c >&5
configure:4512: $? = 0
configure:4525: result: none needed
configure:4547: checking dependency style of gcc
configure:4658: result: gcc3
configure:4723: checking for ar
configure:4739: found /usr/bin/ar
configure:4750: result: ar
configure:4776: checking the archiver (ar) interface
configure:4786: gcc -c -m64  conftest.c >&5
configure:4786: $? = 0
configure:4788: ar cru libconftest.a conftest.o >&5
configure:4791: $? = 0
configure:4814: result: ar
configure:4836: checking for log in -lm
configure:4861: gcc -o conftest -m64  -m64 conftest.c -lm   >&5
conftest.c:18: warning: conflicting types for built-in function 'log'
configure:4861: $? = 0
configure:4870: result: yes
configure:4901: checking how to run the C preprocessor
configure:4932: gcc -E  conftest.c
configure:4932: $? = 0
configure:4946: gcc -E  conftest.c
conftest.c:12:28: error: ac_nonexistent.h: No such file or directory
configure:4946: $? = 1
configure: failed program was:
| /* confdefs.h */
| #define PACKAGE_NAME "GMTK"
| #define PACKAGE_TARNAME "gmtk"
| #define PACKAGE_VERSION "0.1"
| #define PACKAGE_STRING "GMTK 0.1"
| #define PACKAGE_BUGREPORT "https://lungs.ee.washington.edu/trac/gmtk/newticket"
| #define PACKAGE_URL ""
| #define PACKAGE "gmtk"
| #define VERSION "0.1"
| #define HAVE_LIBM 1
| /* end confdefs.h.  */
| #include <ac_nonexistent.h>
configure:4971: result: gcc -E
configure:4991: gcc -E  conftest.c
configure:4991: $? = 0
configure:5005: gcc -E  conftest.c
conftest.c:12:28: error: ac_nonexistent.h: No such file or directory
configure:5005: $? = 1
configure: failed program was:
| /* confdefs.h */
| #define PACKAGE_NAME "GMTK"
| #define PACKAGE_TARNAME "gmtk"
| #define PACKAGE_VERSION "0.1"
| #define PACKAGE_STRING "GMTK 0.1"
| #define PACKAGE_BUGREPORT "https://lungs.ee.washington.edu/trac/gmtk/newticket"
| #define PACKAGE_URL ""
| #define PACKAGE "gmtk"
| #define VERSION "0.1"
| #define HAVE_LIBM 1
| /* end confdefs.h.  */
| #include <ac_nonexistent.h>
configure:5034: checking for grep that handles long lines and -e
configure:5092: result: /usr/bin/grep
configure:5097: checking for egrep
configure:5159: result: /usr/bin/grep -E
configure:5164: checking for ANSI C header files
configure:5184: gcc -c -m64  conftest.c >&5
configure:5184: $? = 0
configure:5257: gcc -o conftest -m64  -m64 conftest.c -lm  >&5
configure:5257: $? = 0
configure:5257: ./conftest
configure:5257: $? = 0
configure:5268: result: yes
configure:5281: checking for sys/types.h
configure:5281: gcc -c -m64  conftest.c >&5
configure:5281: $? = 0
configure:5281: result: yes
configure:5281: checking for sys/stat.h
configure:5281: gcc -c -m64  conftest.c >&5
configure:5281: $? = 0
configure:5281: result: yes
configure:5281: checking for stdlib.h
configure:5281: gcc -c -m64  conftest.c >&5
configure:5281: $? = 0
configure:5281: result: yes
configure:5281: checking for string.h
configure:5281: gcc -c -m64  conftest.c >&5
configure:5281: $? = 0
configure:5281: result: yes
configure:5281: checking for memory.h
configure:5281: gcc -c -m64  conftest.c >&5
configure:5281: $? = 0
configure:5281: result: yes
configure:5281: checking for strings.h
configure:5281: gcc -c -m64  conftest.c >&5
configure:5281: $? = 0
configure:5281: result: yes
configure:5281: checking for inttypes.h
configure:5281: gcc -c -m64  conftest.c >&5
configure:5281: $? = 0
configure:5281: result: yes
configure:5281: checking for stdint.h
configure:5281: gcc -c -m64  conftest.c >&5
configure:5281: $? = 0
configure:5281: result: yes
configure:5281: checking for unistd.h
configure:5281: gcc -c -m64  conftest.c >&5
configure:5281: $? = 0
configure:5281: result: yes
configure:5296: checking float.h usability
configure:5296: gcc -c -m64  conftest.c >&5
configure:5296: $? = 0
configure:5296: result: yes
configure:5296: checking float.h presence
configure:5296: gcc -E  conftest.c
configure:5296: $? = 0
configure:5296: result: yes
configure:5296: checking for float.h
configure:5296: result: yes
configure:5296: checking math.h usability
configure:5296: gcc -c -m64  conftest.c >&5
configure:5296: $? = 0
configure:5296: result: yes
configure:5296: checking math.h presence
configure:5296: gcc -E  conftest.c
configure:5296: $? = 0
configure:5296: result: yes
configure:5296: checking for math.h
configure:5296: result: yes
configure:5296: checking limits.h usability
configure:5296: gcc -c -m64  conftest.c >&5
configure:5296: $? = 0
configure:5296: result: yes
configure:5296: checking limits.h presence
configure:5296: gcc -E  conftest.c
configure:5296: $? = 0
configure:5296: result: yes
configure:5296: checking for limits.h
configure:5296: result: yes
configure:5296: checking for stdlib.h
configure:5296: result: yes
configure:5296: checking for string.h
configure:5296: result: yes
configure:5296: checking sys/time.h usability
configure:5296: gcc -c -m64  conftest.c >&5
configure:5296: $? = 0
configure:5296: result: yes
configure:5296: checking sys/time.h presence
configure:5296: gcc -E  conftest.c
configure:5296: $? = 0
configure:5296: result: yes
configure:5296: checking for sys/time.h
configure:5296: result: yes
configure:5296: checking values.h usability
configure:5296: gcc -c -m64  conftest.c >&5
conftest.c:61:20: error: values.h: No such file or directory
configure:5296: $? = 1
configure: failed program was:
| /* confdefs.h */
| #define PACKAGE_NAME "GMTK"
| #define PACKAGE_TARNAME "gmtk"
| #define PACKAGE_VERSION "0.1"
| #define PACKAGE_STRING "GMTK 0.1"
| #define PACKAGE_BUGREPORT "https://lungs.ee.washington.edu/trac/gmtk/newticket"
| #define PACKAGE_URL ""
| #define PACKAGE "gmtk"
| #define VERSION "0.1"
| #define HAVE_LIBM 1
| #define STDC_HEADERS 1
| #define HAVE_SYS_TYPES_H 1
| #define HAVE_SYS_STAT_H 1
| #define HAVE_STDLIB_H 1
| #define HAVE_STRING_H 1
| #define HAVE_MEMORY_H 1
| #define HAVE_STRINGS_H 1
| #define HAVE_INTTYPES_H 1
| #define HAVE_STDINT_H 1
| #define HAVE_UNISTD_H 1
| #define HAVE_FLOAT_H 1
| #define HAVE_MATH_H 1
| #define HAVE_LIMITS_H 1
| #define HAVE_STDLIB_H 1
| #define HAVE_STRING_H 1
| #define HAVE_SYS_TIME_H 1
| /* end confdefs.h.  */
| #include <stdio.h>
| #ifdef HAVE_SYS_TYPES_H
| # include <sys/types.h>
| #endif
| #ifdef HAVE_SYS_STAT_H
| # include <sys/stat.h>
| #endif
| #ifdef STDC_HEADERS
| # include <stdlib.h>
| # include <stddef.h>
| #else
| # ifdef HAVE_STDLIB_H
| #  include <stdlib.h>
| # endif
| #endif
| #ifdef HAVE_STRING_H
| # if !defined STDC_HEADERS && defined HAVE_MEMORY_H
| #  include <memory.h>
| # endif
| # include <string.h>
| #endif
| #ifdef HAVE_STRINGS_H
| # include <strings.h>
| #endif
| #ifdef HAVE_INTTYPES_H
| # include <inttypes.h>
| #endif
| #ifdef HAVE_STDINT_H
| # include <stdint.h>
| #endif
| #ifdef HAVE_UNISTD_H
| # include <unistd.h>
| #endif
| #include <values.h>
configure:5296: result: no
configure:5296: checking values.h presence
configure:5296: gcc -E  conftest.c
conftest.c:28:20: error: values.h: No such file or directory
configure:5296: $? = 1
configure: failed program was:
| /* confdefs.h */
| #define PACKAGE_NAME "GMTK"
| #define PACKAGE_TARNAME "gmtk"
| #define PACKAGE_VERSION "0.1"
| #define PACKAGE_STRING "GMTK 0.1"
| #define PACKAGE_BUGREPORT "https://lungs.ee.washington.edu/trac/gmtk/newticket"
| #define PACKAGE_URL ""
| #define PACKAGE "gmtk"
| #define VERSION "0.1"
| #define HAVE_LIBM 1
| #define STDC_HEADERS 1
| #define HAVE_SYS_TYPES_H 1
| #define HAVE_SYS_STAT_H 1
| #define HAVE_STDLIB_H 1
| #define HAVE_STRING_H 1
| #define HAVE_MEMORY_H 1
| #define HAVE_STRINGS_H 1
| #define HAVE_INTTYPES_H 1
| #define HAVE_STDINT_H 1
| #define HAVE_UNISTD_H 1
| #define HAVE_FLOAT_H 1
| #define HAVE_MATH_H 1
| #define HAVE_LIMITS_H 1
| #define HAVE_STDLIB_H 1
| #define HAVE_STRING_H 1
| #define HAVE_SYS_TIME_H 1
| /* end confdefs.h.  */
| #include <values.h>
configure:5296: result: no
configure:5296: checking for values.h
configure:5296: result: no
configure:5308: checking for stdbool.h that conforms to C99
configure:5375: gcc -c -m64  conftest.c >&5
configure:5375: $? = 0
configure:5382: result: yes
configure:5384: checking for _Bool
configure:5384: gcc -c -m64  conftest.c >&5
configure:5384: $? = 0
configure:5384: gcc -c -m64  conftest.c >&5
conftest.c: In function 'main':
conftest.c:64: error: expected expression before ')' token
configure:5384: $? = 1
configure: failed program was:
| /* confdefs.h */
| #define PACKAGE_NAME "GMTK"
| #define PACKAGE_TARNAME "gmtk"
| #define PACKAGE_VERSION "0.1"
| #define PACKAGE_STRING "GMTK 0.1"
| #define PACKAGE_BUGREPORT "https://lungs.ee.washington.edu/trac/gmtk/newticket"
| #define PACKAGE_URL ""
| #define PACKAGE "gmtk"
| #define VERSION "0.1"
| #define HAVE_LIBM 1
| #define STDC_HEADERS 1
| #define HAVE_SYS_TYPES_H 1
| #define HAVE_SYS_STAT_H 1
| #define HAVE_STDLIB_H 1
| #define HAVE_STRING_H 1
| #define HAVE_MEMORY_H 1
| #define HAVE_STRINGS_H 1
| #define HAVE_INTTYPES_H 1
| #define HAVE_STDINT_H 1
| #define HAVE_UNISTD_H 1
| #define HAVE_FLOAT_H 1
| #define HAVE_MATH_H 1
| #define HAVE_LIMITS_H 1
| #define HAVE_STDLIB_H 1
| #define HAVE_STRING_H 1
| #define HAVE_SYS_TIME_H 1
| /* end confdefs.h.  */
| #include <stdio.h>
| #ifdef HAVE_SYS_TYPES_H
| # include <sys/types.h>
| #endif
| #ifdef HAVE_SYS_STAT_H
| # include <sys/stat.h>
| #endif
| #ifdef STDC_HEADERS
| # include <stdlib.h>
| # include <stddef.h>
| #else
| # ifdef HAVE_STDLIB_H
| #  include <stdlib.h>
| # endif
| #endif
| #ifdef HAVE_STRING_H
| # if !defined STDC_HEADERS && defined HAVE_MEMORY_H
| #  include <memory.h>
| # endif
| # include <string.h>
| #endif
| #ifdef HAVE_STRINGS_H
| # include <strings.h>
| #endif
| #ifdef HAVE_INTTYPES_H
| # include <inttypes.h>
| #endif
| #ifdef HAVE_STDINT_H
| # include <stdint.h>
| #endif
| #ifdef HAVE_UNISTD_H
| # include <unistd.h>
| #endif
| int
| main ()
| {
| if (sizeof ((_Bool)))
| 	    return 0;
|   ;
|   return 0;
| }
configure:5384: result: yes
configure:5401: checking for inline
configure:5417: gcc -c -m64  conftest.c >&5
configure:5417: $? = 0
configure:5425: result: inline
configure:5443: checking for size_t
configure:5443: gcc -c -m64  conftest.c >&5
configure:5443: $? = 0
configure:5443: gcc -c -m64  conftest.c >&5
conftest.c: In function 'main':
conftest.c:66: error: expected expression before ')' token
configure:5443: $? = 1
configure: failed program was:
| /* confdefs.h */
| #define PACKAGE_NAME "GMTK"
| #define PACKAGE_TARNAME "gmtk"
| #define PACKAGE_VERSION "0.1"
| #define PACKAGE_STRING "GMTK 0.1"
| #define PACKAGE_BUGREPORT "https://lungs.ee.washington.edu/trac/gmtk/newticket"
| #define PACKAGE_URL ""
| #define PACKAGE "gmtk"
| #define VERSION "0.1"
| #define HAVE_LIBM 1
| #define STDC_HEADERS 1
| #define HAVE_SYS_TYPES_H 1
| #define HAVE_SYS_STAT_H 1
| #define HAVE_STDLIB_H 1
| #define HAVE_STRING_H 1
| #define HAVE_MEMORY_H 1
| #define HAVE_STRINGS_H 1
| #define HAVE_INTTYPES_H 1
| #define HAVE_STDINT_H 1
| #define HAVE_UNISTD_H 1
| #define HAVE_FLOAT_H 1
| #define HAVE_MATH_H 1
| #define HAVE_LIMITS_H 1
| #define HAVE_STDLIB_H 1
| #define HAVE_STRING_H 1
| #define HAVE_SYS_TIME_H 1
| #define HAVE__BOOL 1
| #define HAVE_STDBOOL_H 1
| /* end confdefs.h.  */
| #include <stdio.h>
| #ifdef HAVE_SYS_TYPES_H
| # include <sys/types.h>
| #endif
| #ifdef HAVE_SYS_STAT_H
| # include <sys/stat.h>
| #endif
| #ifdef STDC_HEADERS
| # include <stdlib.h>
| # include <stddef.h>
| #else
| # ifdef HAVE_STDLIB_H
| #  include <stdlib.h>
| # endif
| #endif
| #ifdef HAVE_STRING_H
| # if !defined STDC_HEADERS && defined HAVE_MEMORY_H
| #  include <memory.h>
| # endif
| # include <string.h>
| #endif
| #ifdef HAVE_STRINGS_H
| # include <strings.h>
| #endif
| #ifdef HAVE_INTTYPES_H
| # include <inttypes.h>
| #endif
| #ifdef HAVE_STDINT_H
| # include <stdint.h>
| #endif
| #ifdef HAVE_UNISTD_H
| # include <unistd.h>
| #endif
| int
| main ()
| {
| if (sizeof ((size_t)))
| 	    return 0;
|   ;
|   return 0;
| }
configure:5443: result: yes
configure:5454: checking for int32_t
configure:5454: gcc -c -m64  conftest.c >&5
configure:5454: $? = 0
configure:5454: gcc -c -m64  conftest.c >&5
conftest.c: In function 'main':
conftest.c:68: warning: integer overflow in expression
conftest.c:68: error: size of array 'test_array' is negative
configure:5454: $? = 1
configure: failed program was:
| /* confdefs.h */
| #define PACKAGE_NAME "GMTK"
| #define PACKAGE_TARNAME "gmtk"
| #define PACKAGE_VERSION "0.1"
| #define PACKAGE_STRING "GMTK 0.1"
| #define PACKAGE_BUGREPORT "https://lungs.ee.washington.edu/trac/gmtk/newticket"
| #define PACKAGE_URL ""
| #define PACKAGE "gmtk"
| #define VERSION "0.1"
| #define HAVE_LIBM 1
| #define STDC_HEADERS 1
| #define HAVE_SYS_TYPES_H 1
| #define HAVE_SYS_STAT_H 1
| #define HAVE_STDLIB_H 1
| #define HAVE_STRING_H 1
| #define HAVE_MEMORY_H 1
| #define HAVE_STRINGS_H 1
| #define HAVE_INTTYPES_H 1
| #define HAVE_STDINT_H 1
| #define HAVE_UNISTD_H 1
| #define HAVE_FLOAT_H 1
| #define HAVE_MATH_H 1
| #define HAVE_LIMITS_H 1
| #define HAVE_STDLIB_H 1
| #define HAVE_STRING_H 1
| #define HAVE_SYS_TIME_H 1
| #define HAVE__BOOL 1
| #define HAVE_STDBOOL_H 1
| /* end confdefs.h.  */
| #include <stdio.h>
| #ifdef HAVE_SYS_TYPES_H
| # include <sys/types.h>
| #endif
| #ifdef HAVE_SYS_STAT_H
| # include <sys/stat.h>
| #endif
| #ifdef STDC_HEADERS
| # include <stdlib.h>
| # include <stddef.h>
| #else
| # ifdef HAVE_STDLIB_H
| #  include <stdlib.h>
| # endif
| #endif
| #ifdef HAVE_STRING_H
| # if !defined STDC_HEADERS && defined HAVE_MEMORY_H
| #  include <memory.h>
| # endif
| # include <string.h>
| #endif
| #ifdef HAVE_STRINGS_H
| # include <strings.h>
| #endif
| #ifdef HAVE_INTTYPES_H
| # include <inttypes.h>
| #endif
| #ifdef HAVE_STDINT_H
| # include <stdint.h>
| #endif
| #ifdef HAVE_UNISTD_H
| # include <unistd.h>
| #endif
| 	        enum { N = 32 / 2 - 1 };
| int
| main ()
| {
| static int test_array [1 - 2 * !((int32_t) (((((int32_t) 1 << N) << N) - 1) * 2 + 1)
| 		 < (int32_t) (((((int32_t) 1 << N) << N) - 1) * 2 + 2))];
| test_array [0] = 0;
| return test_array [0];
| 
|   ;
|   return 0;
| }
configure:5454: result: yes
configure:5465: checking for uint32_t
configure:5465: gcc -c -m64  conftest.c >&5
configure:5465: $? = 0
configure:5465: result: yes
configure:5479: checking for int64_t
configure:5479: gcc -c -m64  conftest.c >&5
configure:5479: $? = 0
configure:5479: gcc -c -m64  conftest.c >&5
conftest.c: In function 'main':
conftest.c:68: warning: integer overflow in expression
conftest.c:68: error: size of array 'test_array' is negative
configure:5479: $? = 1
configure: failed program was:
| /* confdefs.h */
| #define PACKAGE_NAME "GMTK"
| #define PACKAGE_TARNAME "gmtk"
| #define PACKAGE_VERSION "0.1"
| #define PACKAGE_STRING "GMTK 0.1"
| #define PACKAGE_BUGREPORT "https://lungs.ee.washington.edu/trac/gmtk/newticket"
| #define PACKAGE_URL ""
| #define PACKAGE "gmtk"
| #define VERSION "0.1"
| #define HAVE_LIBM 1
| #define STDC_HEADERS 1
| #define HAVE_SYS_TYPES_H 1
| #define HAVE_SYS_STAT_H 1
| #define HAVE_STDLIB_H 1
| #define HAVE_STRING_H 1
| #define HAVE_MEMORY_H 1
| #define HAVE_STRINGS_H 1
| #define HAVE_INTTYPES_H 1
| #define HAVE_STDINT_H 1
| #define HAVE_UNISTD_H 1
| #define HAVE_FLOAT_H 1
| #define HAVE_MATH_H 1
| #define HAVE_LIMITS_H 1
| #define HAVE_STDLIB_H 1
| #define HAVE_STRING_H 1
| #define HAVE_SYS_TIME_H 1
| #define HAVE__BOOL 1
| #define HAVE_STDBOOL_H 1
| /* end confdefs.h.  */
| #include <stdio.h>
| #ifdef HAVE_SYS_TYPES_H
| # include <sys/types.h>
| #endif
| #ifdef HAVE_SYS_STAT_H
| # include <sys/stat.h>
| #endif
| #ifdef STDC_HEADERS
| # include <stdlib.h>
| # include <stddef.h>
| #else
| # ifdef HAVE_STDLIB_H
| #  include <stdlib.h>
| # endif
| #endif
| #ifdef HAVE_STRING_H
| # if !defined STDC_HEADERS && defined HAVE_MEMORY_H
| #  include <memory.h>
| # endif
| # include <string.h>
| #endif
| #ifdef HAVE_STRINGS_H
| # include <strings.h>
| #endif
| #ifdef HAVE_INTTYPES_H
| # include <inttypes.h>
| #endif
| #ifdef HAVE_STDINT_H
| # include <stdint.h>
| #endif
| #ifdef HAVE_UNISTD_H
| # include <unistd.h>
| #endif
| 	        enum { N = 64 / 2 - 1 };
| int
| main ()
| {
| static int test_array [1 - 2 * !((int64_t) (((((int64_t) 1 << N) << N) - 1) * 2 + 1)
| 		 < (int64_t) (((((int64_t) 1 << N) << N) - 1) * 2 + 2))];
| test_array [0] = 0;
| return test_array [0];
| 
|   ;
|   return 0;
| }
configure:5479: result: yes
configure:5490: checking for uint64_t
configure:5490: gcc -c -m64  conftest.c >&5
configure:5490: $? = 0
configure:5490: result: yes
configure:5505: checking for long long int
configure:5545: gcc -o conftest -m64  -m64 conftest.c -lm  >&5
configure:5545: $? = 0
configure:5575: gcc -o conftest -m64  -m64 conftest.c -lm  >&5
configure:5575: $? = 0
configure:5575: ./conftest
configure:5575: $? = 0
configure:5590: result: yes
configure:5599: checking for unsigned long long int
configure:5639: gcc -o conftest -m64  -m64 conftest.c -lm  >&5
configure:5639: $? = 0
configure:5647: result: yes
configure:5655: checking for off_t
configure:5655: gcc -c -m64  conftest.c >&5
configure:5655: $? = 0
configure:5655: gcc -c -m64  conftest.c >&5
conftest.c: In function 'main':
conftest.c:68: error: expected expression before ')' token
configure:5655: $? = 1
configure: failed program was:
| /* confdefs.h */
| #define PACKAGE_NAME "GMTK"
| #define PACKAGE_TARNAME "gmtk"
| #define PACKAGE_VERSION "0.1"
| #define PACKAGE_STRING "GMTK 0.1"
| #define PACKAGE_BUGREPORT "https://lungs.ee.washington.edu/trac/gmtk/newticket"
| #define PACKAGE_URL ""
| #define PACKAGE "gmtk"
| #define VERSION "0.1"
| #define HAVE_LIBM 1
| #define STDC_HEADERS 1
| #define HAVE_SYS_TYPES_H 1
| #define HAVE_SYS_STAT_H 1
| #define HAVE_STDLIB_H 1
| #define HAVE_STRING_H 1
| #define HAVE_MEMORY_H 1
| #define HAVE_STRINGS_H 1
| #define HAVE_INTTYPES_H 1
| #define HAVE_STDINT_H 1
| #define HAVE_UNISTD_H 1
| #define HAVE_FLOAT_H 1
| #define HAVE_MATH_H 1
| #define HAVE_LIMITS_H 1
| #define HAVE_STDLIB_H 1
| #define HAVE_STRING_H 1
| #define HAVE_SYS_TIME_H 1
| #define HAVE__BOOL 1
| #define HAVE_STDBOOL_H 1
| #define HAVE_LONG_LONG_INT 1
| #define HAVE_UNSIGNED_LONG_LONG_INT 1
| /* end confdefs.h.  */
| #include <stdio.h>
| #ifdef HAVE_SYS_TYPES_H
| # include <sys/types.h>
| #endif
| #ifdef HAVE_SYS_STAT_H
| # include <sys/stat.h>
| #endif
| #ifdef STDC_HEADERS
| # include <stdlib.h>
| # include <stddef.h>
| #else
| # ifdef HAVE_STDLIB_H
| #  include <stdlib.h>
| # endif
| #endif
| #ifdef HAVE_STRING_H
| # if !defined STDC_HEADERS && defined HAVE_MEMORY_H
| #  include <memory.h>
| # endif
| # include <string.h>
| #endif
| #ifdef HAVE_STRINGS_H
| # include <strings.h>
| #endif
| #ifdef HAVE_INTTYPES_H
| # include <inttypes.h>
| #endif
| #ifdef HAVE_STDINT_H
| # include <stdint.h>
| #endif
| #ifdef HAVE_UNISTD_H
| # include <unistd.h>
| #endif
| int
| main ()
| {
| if (sizeof ((off_t)))
| 	    return 0;
|   ;
|   return 0;
| }
configure:5655: result: yes
configure:5670: checking size of long
configure:5675: gcc -o conftest -m64  -m64 conftest.c -lm  >&5
configure:5675: $? = 0
configure:5675: ./conftest
configure:5675: $? = 0
configure:5689: result: 8
configure:5699: checking whether DBL_MIN is declared
configure:5699: gcc -c -m64  conftest.c >&5
configure:5699: $? = 0
configure:5699: result: yes
configure:5720: checking whether MAXINT is declared
configure:5720: gcc -c -m64  conftest.c >&5
conftest.c: In function 'main':
conftest.c:53: error: 'MAXINT' undeclared (first use in this function)
conftest.c:53: error: (Each undeclared identifier is reported only once
conftest.c:53: error: for each function it appears in.)
configure:5720: $? = 1
configure: failed program was:
| /* confdefs.h */
| #define PACKAGE_NAME "GMTK"
| #define PACKAGE_TARNAME "gmtk"
| #define PACKAGE_VERSION "0.1"
| #define PACKAGE_STRING "GMTK 0.1"
| #define PACKAGE_BUGREPORT "https://lungs.ee.washington.edu/trac/gmtk/newticket"
| #define PACKAGE_URL ""
| #define PACKAGE "gmtk"
| #define VERSION "0.1"
| #define HAVE_LIBM 1
| #define STDC_HEADERS 1
| #define HAVE_SYS_TYPES_H 1
| #define HAVE_SYS_STAT_H 1
| #define HAVE_STDLIB_H 1
| #define HAVE_STRING_H 1
| #define HAVE_MEMORY_H 1
| #define HAVE_STRINGS_H 1
| #define HAVE_INTTYPES_H 1
| #define HAVE_STDINT_H 1
| #define HAVE_UNISTD_H 1
| #define HAVE_FLOAT_H 1
| #define HAVE_MATH_H 1
| #define HAVE_LIMITS_H 1
| #define HAVE_STDLIB_H 1
| #define HAVE_STRING_H 1
| #define HAVE_SYS_TIME_H 1
| #define HAVE__BOOL 1
| #define HAVE_STDBOOL_H 1
| #define HAVE_LONG_LONG_INT 1
| #define HAVE_UNSIGNED_LONG_LONG_INT 1
| #define SIZEOF_LONG 8
| #define HAVE_DECL_DBL_MIN 1
| /* end confdefs.h.  */
| 
| #if HAVE_FLOAT_H
| #include <float.h>
| #endif
| #if HAVE_LIMITS_H
| #include <limits.h>
| #endif
| #if HAVE_VALUES_H
| #include <values.h>
| #endif
| 
| 
| int
| main ()
| {
| #ifndef MAXINT
| #ifdef __cplusplus
|   (void) MAXINT;
| #else
|   (void) MAXINT;
| #endif
| #endif
| 
|   ;
|   return 0;
| }
configure:5720: result: no
configure:5744: checking for error_at_line
configure:5760: gcc -o conftest -m64  -m64 conftest.c -lm  >&5
conftest.c:35:19: error: error.h: No such file or directory
configure:5760: $? = 1
configure: failed program was:
| /* confdefs.h */
| #define PACKAGE_NAME "GMTK"
| #define PACKAGE_TARNAME "gmtk"
| #define PACKAGE_VERSION "0.1"
| #define PACKAGE_STRING "GMTK 0.1"
| #define PACKAGE_BUGREPORT "https://lungs.ee.washington.edu/trac/gmtk/newticket"
| #define PACKAGE_URL ""
| #define PACKAGE "gmtk"
| #define VERSION "0.1"
| #define HAVE_LIBM 1
| #define STDC_HEADERS 1
| #define HAVE_SYS_TYPES_H 1
| #define HAVE_SYS_STAT_H 1
| #define HAVE_STDLIB_H 1
| #define HAVE_STRING_H 1
| #define HAVE_MEMORY_H 1
| #define HAVE_STRINGS_H 1
| #define HAVE_INTTYPES_H 1
| #define HAVE_STDINT_H 1
| #define HAVE_UNISTD_H 1
| #define HAVE_FLOAT_H 1
| #define HAVE_MATH_H 1
| #define HAVE_LIMITS_H 1
| #define HAVE_STDLIB_H 1
| #define HAVE_STRING_H 1
| #define HAVE_SYS_TIME_H 1
| #define HAVE__BOOL 1
| #define HAVE_STDBOOL_H 1
| #define HAVE_LONG_LONG_INT 1
| #define HAVE_UNSIGNED_LONG_LONG_INT 1
| #define SIZEOF_LONG 8
| #define HAVE_DECL_DBL_MIN 1
| #define HAVE_DECL_MAXINT 0
| /* end confdefs.h.  */
| #include <error.h>
| int
| main ()
| {
| error_at_line (0, 0, "", 0, "an error occurred");
|   ;
|   return 0;
| }
configure:5768: result: no
configure:5779: checking for working strtod
configure:5820: gcc -o conftest -m64  -m64 conftest.c -lm  >&5
configure:5820: $? = 0
configure:5820: ./conftest
configure:5820: $? = 0
configure:5830: result: yes
configure:5895: checking for memset
configure:5895: gcc -o conftest -m64  -m64 conftest.c -lm  >&5
conftest.c:58: warning: conflicting types for built-in function 'memset'
configure:5895: $? = 0
configure:5895: result: yes
configure:5895: checking for pow
configure:5895: gcc -o conftest -m64  -m64 conftest.c -lm  >&5
conftest.c:59: warning: conflicting types for built-in function 'pow'
configure:5895: $? = 0
configure:5895: result: yes
configure:5895: checking for sqrt
configure:5895: gcc -o conftest -m64  -m64 conftest.c -lm  >&5
conftest.c:60: warning: conflicting types for built-in function 'sqrt'
configure:5895: $? = 0
configure:5895: result: yes
configure:5895: checking for finite
configure:5895: gcc -o conftest -m64  -m64 conftest.c -lm  >&5
conftest.c:61: warning: conflicting types for built-in function 'finite'
configure:5895: $? = 0
configure:5895: result: yes
configure:5895: checking for strchr
configure:5895: gcc -o conftest -m64  -m64 conftest.c -lm  >&5
conftest.c:62: warning: conflicting types for built-in function 'strchr'
configure:5895: $? = 0
configure:5895: result: yes
configure:5895: checking for strspn
configure:5895: gcc -o conftest -m64  -m64 conftest.c -lm  >&5
conftest.c:63: warning: conflicting types for built-in function 'strspn'
configure:5895: $? = 0
configure:5895: result: yes
configure:5895: checking for strtol
configure:5895: gcc -o conftest -m64  -m64 conftest.c -lm  >&5
configure:5895: $? = 0
configure:5895: result: yes
configure:5905: checking for _LARGEFILE_SOURCE value needed for large files
configure:5924: gcc -o conftest -m64  -m64 conftest.c -lm  >&5
configure:5924: $? = 0
configure:5952: result: no
configure:6089: checking that generated files are newer than configure
configure:6095: result: done
configure:6134: creating ./config.status

## ---------------------- ##
## Running config.status. ##
## ---------------------- ##

This file was extended by GMTK config.status 0.1, which was
generated by GNU Autoconf 2.69.  Invocation command line was

  CONFIG_FILES    = 
  CONFIG_HEADERS  = 
  CONFIG_LINKS    = 
  CONFIG_COMMANDS = 
  $ ./config.status 

on adams-iMac.local

config.status:899: creating Makefile
config.status:899: creating config.h
config.status:1080: config.h is unchanged
config.status:1128: executing depfiles commands
configure:7516: === configuring in discrete-mi (/Users/adam/code/gmtk-2012-12-07_2148/mitk/discrete-mi)
configure:7579: running /bin/sh ./configure --disable-option-checking '--prefix=/usr/local'  'CFLAGS=-m64' 'CXXFLAGS=-m64' 'LDFLAGS=-m64' --cache-file=/dev/null --srcdir=.

## ---------------- ##
## Cache variables. ##
## ---------------- ##

ac_cv_build=x86_64-apple-darwin12.2.0
ac_cv_c_compiler_gnu=yes
ac_cv_c_inline=inline
ac_cv_c_int32_t=yes
ac_cv_c_int64_t=yes
ac_cv_c_uint32_t=yes
ac_cv_c_uint64_t=yes
ac_cv_cxx_compiler_gnu=yes
ac_cv_env_CCC_set=
ac_cv_env_CCC_value=
ac_cv_env_CC_set=
ac_cv_env_CC_value=
ac_cv_env_CFLAGS_set=set
ac_cv_env_CFLAGS_value=-m64
ac_cv_env_CPPFLAGS_set=
ac_cv_env_CPPFLAGS_value=
ac_cv_env_CPP_set=
ac_cv_env_CPP_value=
ac_cv_env_CXXFLAGS_set=set
ac_cv_env_CXXFLAGS_value=-m64
ac_cv_env_CXX_set=
ac_cv_env_CXX_value=
ac_cv_env_LDFLAGS_set=set
ac_cv_env_LDFLAGS_value=-m64
ac_cv_env_LIBS_set=
ac_cv_env_LIBS_value=
ac_cv_env_build_alias_set=
ac_cv_env_build_alias_value=
ac_cv_env_host_alias_set=
ac_cv_env_host_alias_value=
ac_cv_env_target_alias_set=
ac_cv_env_target_alias_value=
ac_cv_func_finite=yes
ac_cv_func_memset=yes
ac_cv_func_pow=yes
ac_cv_func_sqrt=yes
ac_cv_func_strchr=yes
ac_cv_func_strspn=yes
ac_cv_func_strtod=yes
ac_cv_func_strtol=yes
ac_cv_have_decl_DBL_MIN=yes
ac_cv_have_decl_MAXINT=no
ac_cv_header_float_h=yes
ac_cv_header_inttypes_h=yes
ac_cv_header_limits_h=yes
ac_cv_header_math_h=yes
ac_cv_header_memory_h=yes
ac_cv_header_stdbool_h=yes
ac_cv_header_stdc=yes
ac_cv_header_stdint_h=yes
ac_cv_header_stdlib_h=yes
ac_cv_header_string_h=yes
ac_cv_header_strings_h=yes
ac_cv_header_sys_stat_h=yes
ac_cv_header_sys_time_h=yes
ac_cv_header_sys_types_h=yes
ac_cv_header_unistd_h=yes
ac_cv_header_values_h=no
ac_cv_host=x86_64-apple-darwin12.2.0
ac_cv_lib_error_at_line=no
ac_cv_lib_m_log=yes
ac_cv_objext=o
ac_cv_path_EGREP='/usr/bin/grep -E'
ac_cv_path_GREP=/usr/bin/grep
ac_cv_path_install='/usr/bin/install -c'
ac_cv_prog_AWK=awk
ac_cv_prog_CPP='gcc -E'
ac_cv_prog_ac_ct_AR=ar
ac_cv_prog_ac_ct_CC=gcc
ac_cv_prog_ac_ct_CXX=g++
ac_cv_prog_cc_c89=
ac_cv_prog_cc_g=yes
ac_cv_prog_cxx_g=yes
ac_cv_prog_make_make_set=yes
ac_cv_sizeof_long=8
ac_cv_sys_largefile_source=no
ac_cv_type__Bool=yes
ac_cv_type_long_long_int=yes
ac_cv_type_off_t=yes
ac_cv_type_size_t=yes
ac_cv_type_unsigned_long_long_int=yes
am_cv_CC_dependencies_compiler_type=gcc3
am_cv_CXX_dependencies_compiler_type=gcc3
am_cv_ar_interface=ar
am_cv_make_support_nested_variables=yes

## ----------------- ##
## Output variables. ##
## ----------------- ##

ACLOCAL='${SHELL} /Users/adam/code/gmtk-2012-12-07_2148/mitk/missing --run aclocal-1.12'
AMDEPBACKSLASH='\'
AMDEP_FALSE='#'
AMDEP_TRUE=''
AMTAR='$${TAR-tar}'
AM_BACKSLASH='\'
AM_DEFAULT_V='$(AM_DEFAULT_VERBOSITY)'
AM_DEFAULT_VERBOSITY='1'
AM_V='$(V)'
AR='ar'
AUTOCONF='${SHELL} /Users/adam/code/gmtk-2012-12-07_2148/mitk/missing --run autoconf'
AUTOHEADER='${SHELL} /Users/adam/code/gmtk-2012-12-07_2148/mitk/missing --run autoheader'
AUTOMAKE='${SHELL} /Users/adam/code/gmtk-2012-12-07_2148/mitk/missing --run automake-1.12'
AWK='awk'
CC='gcc'
CCDEPMODE='depmode=gcc3'
CFLAGS='-m64'
CPP='gcc -E'
CPPFLAGS=''
CXX='g++'
CXXDEPMODE='depmode=gcc3'
CXXFLAGS='-m64'
CYGPATH_W='echo'
CYGWIN_FLAGS_FALSE=''
CYGWIN_FLAGS_TRUE='#'
DEFS='-DHAVE_CONFIG_H'
DEPDIR='.deps'
ECHO_C='\c'
ECHO_N=''
ECHO_T=''
EGREP='/usr/bin/grep -E'
EXEEXT=''
GREP='/usr/bin/grep'
INSTALL_DATA='${INSTALL} -m 644'
INSTALL_PROGRAM='${INSTALL}'
INSTALL_SCRIPT='${INSTALL}'
INSTALL_STRIP_PROGRAM='$(install_sh) -c -s'
LDFLAGS='-m64'
LIBOBJS=' ${LIBOBJDIR}error$U.o'
LIBS='-lm '
LTLIBOBJS=' ${LIBOBJDIR}error$U.lo'
MAKEINFO='${SHELL} /Users/adam/code/gmtk-2012-12-07_2148/mitk/missing --run makeinfo'
MKDIR_P='./install-sh -c -d'
NO_ASSERTIONS_FALSE=''
NO_ASSERTIONS_TRUE='#'
NO_MODEL_CHECKS_FALSE=''
NO_MODEL_CHECKS_TRUE='#'
OBJEXT='o'
PACKAGE='gmtk'
PACKAGE_BUGREPORT='https://lungs.ee.washington.edu/trac/gmtk/newticket'
PACKAGE_NAME='GMTK'
PACKAGE_STRING='GMTK 0.1'
PACKAGE_TARNAME='gmtk'
PACKAGE_URL=''
PACKAGE_VERSION='0.1'
PATH_SEPARATOR=':'
POW_LIB=''
SET_MAKE=''
SHELL='/bin/sh'
STRIP=''
VERSION='0.1'
XOPEN=''
ac_ct_AR='ar'
ac_ct_CC='gcc'
ac_ct_CXX='g++'
am__EXEEXT_FALSE=''
am__EXEEXT_TRUE='#'
am__fastdepCC_FALSE='#'
am__fastdepCC_TRUE=''
am__fastdepCXX_FALSE='#'
am__fastdepCXX_TRUE=''
am__include='include'
am__isrc=''
am__leading_dot='.'
am__nodep='_no'
am__quote=''
am__tar='$${TAR-tar} chof - "$$tardir"'
am__untar='$${TAR-tar} xf -'
bindir='${exec_prefix}/bin'
build='x86_64-apple-darwin12.2.0'
build_alias=''
build_cpu='x86_64'
build_os='darwin12.2.0'
build_vendor='apple'
datadir='${datarootdir}'
datarootdir='${prefix}/share'
docdir='${datarootdir}/doc/${PACKAGE_TARNAME}'
dvidir='${docdir}'
exec_prefix='${prefix}'
host='x86_64-apple-darwin12.2.0'
host_alias=''
host_cpu='x86_64'
host_os='darwin12.2.0'
host_vendor='apple'
htmldir='${docdir}'
includedir='${prefix}/include'
infodir='${datarootdir}/info'
install_sh='${SHELL} /Users/adam/code/gmtk-2012-12-07_2148/mitk/install-sh'
libdir='${exec_prefix}/lib'
libexecdir='${exec_prefix}/libexec'
localedir='${datarootdir}/locale'
localstatedir='${prefix}/var'
mandir='${datarootdir}/man'
mkdir_p='$(MKDIR_P)'
oldincludedir='/usr/include'
pdfdir='${docdir}'
prefix='/usr/local'
program_transform_name='s,x,x,'
psdir='${docdir}'
sbindir='${exec_prefix}/sbin'
sharedstatedir='${prefix}/com'
subdirs=' discrete-mi'
sysconfdir='${prefix}/etc'
target_alias=''

## ----------- ##
## confdefs.h. ##
## ----------- ##

/* confdefs.h */
#define PACKAGE_NAME "GMTK"
#define PACKAGE_TARNAME "gmtk"
#define PACKAGE_VERSION "0.1"
#define PACKAGE_STRING "GMTK 0.1"
#define PACKAGE_BUGREPORT "https://lungs.ee.washington.edu/trac/gmtk/newticket"
#define PACKAGE_URL ""
#define PACKAGE "gmtk"
#define VERSION "0.1"
#define HAVE_LIBM 1
#define STDC_HEADERS 1
#define HAVE_SYS_TYPES_H 1
#define HAVE_SYS_STAT_H 1
#define HAVE_STDLIB_H 1
#define HAVE_STRING_H 1
#define HAVE_MEMORY_H 1
#define HAVE_STRINGS_H 1
#define HAVE_INTTYPES_H 1
#define HAVE_STDINT_H 1
#define HAVE_UNISTD_H 1
#define HAVE_FLOAT_H 1
#define HAVE_MATH_H 1
#define HAVE_LIMITS_H 1
#define HAVE_STDLIB_H 1
#define HAVE_STRING_H 1
#define HAVE_SYS_TIME_H 1
#define HAVE__BOOL 1
#define HAVE_STDBOOL_H 1
#define HAVE_LONG_LONG_INT 1
#define HAVE_UNSIGNED_LONG_LONG_INT 1
#define SIZEOF_LONG 8
#define HAVE_DECL_DBL_MIN 1
#define HAVE_DECL_MAXINT 0
#define HAVE_MEMSET 1
#define HAVE_POW 1
#define HAVE_SQRT 1
#define HAVE_FINITE 1
#define HAVE_STRCHR 1
#define HAVE_STRSPN 1
#define HAVE_STRTOL 1
#define HAVE_FSEEKO 1

configure: exit 0
