This file contains any messages produced by compilers while
running configure, to aid debugging if configure makes a mistake.

It was created by GMTK configure 0.1, which was
generated by GNU Autoconf 2.69.  Invocation command line was

  $ ./configure CFLAGS=-m64 CXXFLAGS=-m64 LDFLAGS=-m64

## --------- ##
## Platform. ##
## --------- ##

hostname = adams-iMac.local
uname -m = x86_64
uname -r = 12.2.0
uname -s = Darwin
uname -v = Darwin Kernel Version 12.2.0: Sat Aug 25 00:48:52 PDT 2012; root:xnu-2050.18.24~1/RELEASE_X86_64

/usr/bin/uname -p = i386
/bin/uname -X     = unknown

/bin/arch              = unknown
/usr/bin/arch -k       = unknown
/usr/convex/getsysinfo = unknown
/usr/bin/hostinfo      = Mach kernel version:
	 Darwin Kernel Version 12.2.0: Sat Aug 25 00:48:52 PDT 2012; root:xnu-2050.18.24~1/RELEASE_X86_64
Kernel configured for up to 4 processors.
4 processors are physically available.
4 processors are logically available.
Processor type: i486 (Intel 80486)
Processors active: 0 1 2 3
Primary memory available: 16.00 gigabytes
Default processor set: 177 tasks, 975 threads, 4 processors
Load average: 1.40, Mach factor: 2.59
/bin/machine           = unknown
/usr/bin/oslevel       = unknown
/bin/universe          = unknown

PATH: /usr/local/bin
PATH: /usr/local/sbin
PATH: /usr/local/share/python
PATH: /Users/adam/bin/
PATH: /usr/bin
PATH: /bin
PATH: /usr/sbin
PATH: /sbin
PATH: /usr/local/bin
PATH: /opt/X11/bin
PATH: /usr/texbin


## ----------- ##
## Core tests. ##
## ----------- ##

configure:1919: checking for a BSD-compatible install
configure:1987: result: /usr/bin/install -c
configure:1998: checking whether build environment is sane
configure:2053: result: yes
configure:2204: checking for a thread-safe mkdir -p
configure:2243: result: ./install-sh -c -d
configure:2250: checking for gawk
configure:2280: result: no
configure:2250: checking for mawk
configure:2280: result: no
configure:2250: checking for nawk
configure:2280: result: no
configure:2250: checking for awk
configure:2266: found /usr/bin/awk
configure:2277: result: awk
configure:2288: checking whether make sets $(MAKE)
configure:2310: result: yes
configure:2339: checking whether make supports nested variables
configure:2356: result: yes
configure:2430: checking how to create a ustar tar archive
configure:2443: tar --version
bsdtar 2.8.3 - libarchive 2.8.3
configure:2446: $? = 0
configure:2486: tardir=conftest.dir && eval tar --format=ustar -chf - "$tardir" >conftest.tar
configure:2489: $? = 0
configure:2493: tar -xf - <conftest.tar
configure:2496: $? = 0
configure:2509: result: gnutar
configure:2552: checking for style of include used by make
configure:2580: result: GNU
configure:2651: checking for gcc
configure:2667: found /usr/bin/gcc
configure:2678: result: gcc
configure:2907: checking for C compiler version
configure:2916: gcc --version >&5
i686-apple-darwin11-llvm-gcc-4.2 (GCC) 4.2.1 (Based on Apple Inc. build 5658) (LLVM build 2336.11.00)
Copyright (C) 2007 Free Software Foundation, Inc.
This is free software; see the source for copying conditions.  There is NO
warranty; not even for MERCHANTABILITY or FITNESS FOR A PARTICULAR PURPOSE.

configure:2927: $? = 0
configure:2916: gcc -v >&5
Using built-in specs.
Target: i686-apple-darwin11
Configured with: /private/var/tmp/llvmgcc42/llvmgcc42-2336.11~28/src/configure --disable-checking --enable-werror --prefix=/Applications/Xcode.app/Contents/Developer/usr/llvm-gcc-4.2 --mandir=/share/man --enable-languages=c,objc,c++,obj-c++ --program-prefix=llvm- --program-transform-name=/^[cg][^.-]*$/s/$/-4.2/ --with-slibdir=/usr/lib --build=i686-apple-darwin11 --enable-llvm=/private/var/tmp/llvmgcc42/llvmgcc42-2336.11~28/dst-llvmCore/Developer/usr/local --program-prefix=i686-apple-darwin11- --host=x86_64-apple-darwin11 --target=i686-apple-darwin11 --with-gxx-include-dir=/usr/include/c++/4.2.1
Thread model: posix
gcc version 4.2.1 (Based on Apple Inc. build 5658) (LLVM build 2336.11.00)
configure:2927: $? = 0
configure:2916: gcc -V >&5
llvm-gcc-4.2: argument to `-V' is missing
configure:2927: $? = 1
configure:2916: gcc -qversion >&5
i686-apple-darwin11-llvm-gcc-4.2: no input files
configure:2927: $? = 1
configure:2947: checking whether the C compiler works
configure:2969: gcc -m64  -m64 conftest.c  >&5
configure:2973: $? = 0
configure:3021: result: yes
configure:3024: checking for C compiler default output file name
configure:3026: result: a.out
configure:3032: checking for suffix of executables
configure:3039: gcc -o conftest -m64  -m64 conftest.c  >&5
configure:3043: $? = 0
configure:3065: result: 
configure:3087: checking whether we are cross compiling
configure:3095: gcc -o conftest -m64  -m64 conftest.c  >&5
configure:3099: $? = 0
configure:3106: ./conftest
configure:3110: $? = 0
configure:3125: result: no
configure:3130: checking for suffix of object files
configure:3152: gcc -c -m64  conftest.c >&5
configure:3156: $? = 0
configure:3177: result: o
configure:3181: checking whether we are using the GNU C compiler
configure:3200: gcc -c -m64  conftest.c >&5
configure:3200: $? = 0
configure:3209: result: yes
configure:3218: checking whether gcc accepts -g
configure:3238: gcc -c -g  conftest.c >&5
configure:3238: $? = 0
configure:3279: result: yes
configure:3296: checking for gcc option to accept ISO C89
configure:3359: gcc  -c -m64  conftest.c >&5
configure:3359: $? = 0
configure:3372: result: none needed
configure:3394: checking dependency style of gcc
configure:3505: result: none
configure:3526: checking how to run the C preprocessor
configure:3557: gcc -E  conftest.c
configure:3557: $? = 0
configure:3571: gcc -E  conftest.c
conftest.c:11:28: error: ac_nonexistent.h: No such file or directory
configure:3571: $? = 1
configure: failed program was:
| /* confdefs.h */
| #define PACKAGE_NAME "GMTK"
| #define PACKAGE_TARNAME "gmtk"
| #define PACKAGE_VERSION "0.1"
| #define PACKAGE_STRING "GMTK 0.1"
| #define PACKAGE_BUGREPORT "https://lungs.ee.washington.edu/trac/gmtk/newticket"
| #define PACKAGE_URL ""
| #define PACKAGE "gmtk"
| #define VERSION "0.1"
| /* end confdefs.h.  */
| #include <ac_nonexistent.h>
configure:3596: result: gcc -E
configure:3616: gcc -E  conftest.c
configure:3616: $? = 0
configure:3630: gcc -E  conftest.c
conftest.c:11:28: error: ac_nonexistent.h: No such file or directory
configure:3630: $? = 1
configure: failed program was:
| /* confdefs.h */
| #define PACKAGE_NAME "GMTK"
| #define PACKAGE_TARNAME "gmtk"
| #define PACKAGE_VERSION "0.1"
| #define PACKAGE_STRING "GMTK 0.1"
| #define PACKAGE_BUGREPORT "https://lungs.ee.washington.edu/trac/gmtk/newticket"
| #define PACKAGE_URL ""
| #define PACKAGE "gmtk"
| #define VERSION "0.1"
| /* end confdefs.h.  */
| #include <ac_nonexistent.h>
configure:3680: gcc -E -x assembler-with-cpp  conftest.c
configure:3680: $? = 0
configure:3793: checking for gawk
configure:3820: result: awk
configure:3998: checking that generated files are newer than configure
configure:4004: result: done
configure:4027: creating ./config.status

## ---------------------- ##
## Running config.status. ##
## ---------------------- ##

This file was extended by GMTK config.status 0.1, which was
generated by GNU Autoconf 2.69.  Invocation command line was

  CONFIG_FILES    = 
  CONFIG_HEADERS  = 
  CONFIG_LINKS    = 
  CONFIG_COMMANDS = 
  $ ./config.status 

on adams-iMac.local

config.status:778: creating tests/Makefile
config.status:778: creating tests/atlocal
config.status:778: creating Makefile
config.status:950: executing depfiles commands
config.status:950: executing tests/atconfig commands
configure:5249: === configuring in IEEEFloatingpoint (/Users/adam/code/gmtk-2012-12-07_2148/IEEEFloatingpoint)
configure:5312: running /bin/sh ./configure --disable-option-checking '--prefix=/usr/local'  'CFLAGS=-m64' 'CXXFLAGS=-m64' 'LDFLAGS=-m64' --cache-file=/dev/null --srcdir=.
configure:5249: === configuring in miscSupport (/Users/adam/code/gmtk-2012-12-07_2148/miscSupport)
configure:5312: running /bin/sh ./configure --disable-option-checking '--prefix=/usr/local'  'CFLAGS=-m64' 'CXXFLAGS=-m64' 'LDFLAGS=-m64' --cache-file=/dev/null --srcdir=.
configure:5249: === configuring in featureFileIO (/Users/adam/code/gmtk-2012-12-07_2148/featureFileIO)
configure:5312: running /bin/sh ./configure --disable-option-checking '--prefix=/usr/local'  'CFLAGS=-m64' 'CXXFLAGS=-m64' 'LDFLAGS=-m64' --cache-file=/dev/null --srcdir=.
configure:5249: === configuring in mitk (/Users/adam/code/gmtk-2012-12-07_2148/mitk)
configure:5312: running /bin/sh ./configure --disable-option-checking '--prefix=/usr/local'  'CFLAGS=-m64' 'CXXFLAGS=-m64' 'LDFLAGS=-m64' --cache-file=/dev/null --srcdir=.
configure:5249: === configuring in tksrc (/Users/adam/code/gmtk-2012-12-07_2148/tksrc)
configure:5312: running /bin/sh ./configure --disable-option-checking '--prefix=/usr/local'  'CFLAGS=-m64' 'CXXFLAGS=-m64' 'LDFLAGS=-m64' --cache-file=/dev/null --srcdir=.

## ---------------- ##
## Cache variables. ##
## ---------------- ##

ac_cv_c_compiler_gnu=yes
ac_cv_env_CC_set=
ac_cv_env_CC_value=
ac_cv_env_CFLAGS_set=set
ac_cv_env_CFLAGS_value=-m64
ac_cv_env_CPPFLAGS_set=
ac_cv_env_CPPFLAGS_value=
ac_cv_env_CPP_set=
ac_cv_env_CPP_value=
ac_cv_env_LDFLAGS_set=set
ac_cv_env_LDFLAGS_value=-m64
ac_cv_env_LIBS_set=
ac_cv_env_LIBS_value=
ac_cv_env_build_alias_set=
ac_cv_env_build_alias_value=
ac_cv_env_host_alias_set=
ac_cv_env_host_alias_value=
ac_cv_env_target_alias_set=
ac_cv_env_target_alias_value=
ac_cv_objext=o
ac_cv_path_install='/usr/bin/install -c'
ac_cv_prog_AWK=awk
ac_cv_prog_CPP='gcc -E'
ac_cv_prog_ac_ct_CC=gcc
ac_cv_prog_cc_c89=
ac_cv_prog_cc_g=yes
ac_cv_prog_make_make_set=yes
am_cv_CC_dependencies_compiler_type=none
am_cv_make_support_nested_variables=yes
am_cv_prog_tar_ustar=gnutar

## ----------------- ##
## Output variables. ##
## ----------------- ##

ACLOCAL='${SHELL} /Users/adam/code/gmtk-2012-12-07_2148/missing --run aclocal-1.12'
AMDEPBACKSLASH='\'
AMDEP_FALSE='#'
AMDEP_TRUE=''
AMTAR='$${TAR-tar}'
AM_BACKSLASH='\'
AM_DEFAULT_V='$(AM_DEFAULT_VERBOSITY)'
AM_DEFAULT_VERBOSITY='1'
AM_V='$(V)'
AUTOCONF='${SHELL} /Users/adam/code/gmtk-2012-12-07_2148/missing --run autoconf'
AUTOHEADER='${SHELL} /Users/adam/code/gmtk-2012-12-07_2148/missing --run autoheader'
AUTOMAKE='${SHELL} /Users/adam/code/gmtk-2012-12-07_2148/missing --run automake-1.12'
AWK='awk'
CC='gcc'
CCDEPMODE='depmode=none'
CFLAGS='-m64'
CPP='gcc -E'
CPPFLAGS=''
CYGPATH_W='echo'
DEFS='-DPACKAGE_NAME=\"GMTK\" -DPACKAGE_TARNAME=\"gmtk\" -DPACKAGE_VERSION=\"0.1\" -DPACKAGE_STRING=\"GMTK\ 0.1\" -DPACKAGE_BUGREPORT=\"https://lungs.ee.washington.edu/trac/gmtk/newticket\" -DPACKAGE_URL=\"\" -DPACKAGE=\"gmtk\" -DVERSION=\"0.1\"'
DEPDIR='.deps'
ECHO_C='\c'
ECHO_N=''
ECHO_T=''
EXEEXT=''
INSTALL_DATA='${INSTALL} -m 644'
INSTALL_PROGRAM='${INSTALL}'
INSTALL_SCRIPT='${INSTALL}'
INSTALL_STRIP_PROGRAM='$(install_sh) -c -s'
LDFLAGS='-m64'
LIBOBJS=''
LIBS=''
LTLIBOBJS=''
MAKEINFO='${SHELL} /Users/adam/code/gmtk-2012-12-07_2148/missing --run makeinfo'
MKDIR_P='./install-sh -c -d'
OBJEXT='o'
PACKAGE='gmtk'
PACKAGE_BUGREPORT='https://lungs.ee.washington.edu/trac/gmtk/newticket'
PACKAGE_NAME='GMTK'
PACKAGE_STRING='GMTK 0.1'
PACKAGE_TARNAME='gmtk'
PACKAGE_URL=''
PACKAGE_VERSION='0.1'
PATH_SEPARATOR=':'
SET_MAKE=''
SHELL='/bin/sh'
STRIP=''
VERSION='0.1'
ac_ct_CC='gcc'
am__EXEEXT_FALSE=''
am__EXEEXT_TRUE='#'
am__fastdepCC_FALSE=''
am__fastdepCC_TRUE='#'
am__include='include'
am__isrc=''
am__leading_dot='.'
am__nodep='_no'
am__quote=''
am__tar='tar --format=ustar -chf - "$$tardir"'
am__untar='tar -xf -'
bindir='${exec_prefix}/bin'
build_alias=''
datadir='${datarootdir}'
datarootdir='${prefix}/share'
docdir='${datarootdir}/doc/${PACKAGE_TARNAME}'
dvidir='${docdir}'
exec_prefix='${prefix}'
host_alias=''
htmldir='${docdir}'
includedir='${prefix}/include'
infodir='${datarootdir}/info'
install_sh='${SHELL} /Users/adam/code/gmtk-2012-12-07_2148/install-sh'
libdir='${exec_prefix}/lib'
libexecdir='${exec_prefix}/libexec'
localedir='${datarootdir}/locale'
localstatedir='${prefix}/var'
mandir='${datarootdir}/man'
mkdir_p='$(MKDIR_P)'
oldincludedir='/usr/include'
pdfdir='${docdir}'
prefix='/usr/local'
program_transform_name='s,x,x,'
psdir='${docdir}'
sbindir='${exec_prefix}/sbin'
sharedstatedir='${prefix}/com'
subdirs=' IEEEFloatingpoint miscSupport featureFileIO mitk tksrc'
sysconfdir='${prefix}/etc'
target_alias=''

## ----------- ##
## confdefs.h. ##
## ----------- ##

/* confdefs.h */
#define PACKAGE_NAME "GMTK"
#define PACKAGE_TARNAME "gmtk"
#define PACKAGE_VERSION "0.1"
#define PACKAGE_STRING "GMTK 0.1"
#define PACKAGE_BUGREPORT "https://lungs.ee.washington.edu/trac/gmtk/newticket"
#define PACKAGE_URL ""
#define PACKAGE "gmtk"
#define VERSION "0.1"

configure: exit 0
