This file contains any messages produced by compilers while
running configure, to aid debugging if configure makes a mistake.

It was created by GMTK configure 0.0, which was
generated by GNU Autoconf 2.69.  Invocation command line was

  $ ./configure --disable-option-checking --prefix=/usr/local --cache-file=/dev/null --srcdir=.

## --------- ##
## Platform. ##
## --------- ##

hostname = g
uname -m = i386
uname -r = 10.8.0
uname -s = Darwin
uname -v = Darwin Kernel Version 10.8.0: Tue Jun  7 16:33:36 PDT 2011; root:xnu-1504.15.3~1/RELEASE_I386

/usr/bin/uname -p = i386
/bin/uname -X     = unknown

/bin/arch              = unknown
/usr/bin/arch -k       = unknown
/usr/convex/getsysinfo = unknown
/usr/bin/hostinfo      = Mach kernel version:
	 Darwin Kernel Version 10.8.0: Tue Jun  7 16:33:36 PDT 2011; root:xnu-1504.15.3~1/RELEASE_I386
Kernel configured for up to 4 processors.
2 processors are physically available.
4 processors are logically available.
Processor type: i486 (Intel 80486)
Processors active: 0 1 2 3
Primary memory available: 4.00 gigabytes
Default processor set: 93 tasks, 554 threads, 4 processors
Load average: 1.77, Mach factor: 2.40
/bin/machine           = unknown
/usr/bin/oslevel       = unknown
/bin/universe          = unknown

PATH: /Library/Frameworks/Python.framework/Versions/2.6/bin
PATH: /opt/local/bin
PATH: /opt/local/sbin
PATH: /sw/bin
PATH: /sw/sbin
PATH: /usr/local/apache-maven/apache-maven-3.0.4/bin
PATH: /usr/bin
PATH: /bin
PATH: /usr/sbin
PATH: /sbin
PATH: /usr/local/bin
PATH: /usr/local/git/bin
PATH: /usr/texbin
PATH: /usr/X11/bin
PATH: /Users/adam/bin/
PATH: /Users/adam/code/alchemy/bin/
PATH: /Users/adam/code/thebeast-0.0.x/bin/mac/
PATH: /Applications/Mencoder OS X.app/Contents/Resources/
PATH: /Users/adam/bin/LaNet-vi_2.2.2/
PATH: /usr/X11R6/bin


## ----------- ##
## Core tests. ##
## ----------- ##

configure:2492: checking for a BSD-compatible install
configure:2560: result: /usr/bin/install -c
configure:2571: checking whether build environment is sane
configure:2626: result: yes
configure:2777: checking for a thread-safe mkdir -p
configure:2816: result: ./install-sh -c -d
configure:2823: checking for gawk
configure:2839: found /sw/bin/gawk
configure:2850: result: gawk
configure:2861: checking whether make sets $(MAKE)
configure:2883: result: yes
configure:2912: checking whether make supports nested variables
configure:2929: result: yes
configure:3101: checking for g++
configure:3117: found /usr/bin/g++
configure:3128: result: g++
configure:3155: checking for C++ compiler version
configure:3164: g++ --version >&5
i686-apple-darwin10-g++-4.2.1 (GCC) 4.2.1 (Apple Inc. build 5666) (dot 3)
Copyright (C) 2007 Free Software Foundation, Inc.
This is free software; see the source for copying conditions.  There is NO
warranty; not even for MERCHANTABILITY or FITNESS FOR A PARTICULAR PURPOSE.

configure:3175: $? = 0
configure:3164: g++ -v >&5
Using built-in specs.
Target: i686-apple-darwin10
Configured with: /var/tmp/gcc/gcc-5666.3~6/src/configure --disable-checking --enable-werror --prefix=/usr --mandir=/share/man --enable-languages=c,objc,c++,obj-c++ --program-transform-name=/^[cg][^.-]*$/s/$/-4.2/ --with-slibdir=/usr/lib --build=i686-apple-darwin10 --program-prefix=i686-apple-darwin10- --host=x86_64-apple-darwin10 --target=i686-apple-darwin10 --with-gxx-include-dir=/include/c++/4.2.1
Thread model: posix
gcc version 4.2.1 (Apple Inc. build 5666) (dot 3)
configure:3175: $? = 0
configure:3164: g++ -V >&5
g++-4.2: argument to `-V' is missing
configure:3175: $? = 1
configure:3164: g++ -qversion >&5
i686-apple-darwin10-g++-4.2.1: no input files
configure:3175: $? = 1
configure:3195: checking whether the C++ compiler works
configure:3217: g++    conftest.cpp  >&5
configure:3221: $? = 0
configure:3269: result: yes
configure:3272: checking for C++ compiler default output file name
configure:3274: result: a.out
configure:3280: checking for suffix of executables
configure:3287: g++ -o conftest    conftest.cpp  >&5
configure:3291: $? = 0
configure:3313: result: 
configure:3335: checking whether we are cross compiling
configure:3343: g++ -o conftest    conftest.cpp  >&5
configure:3347: $? = 0
configure:3354: ./conftest
configure:3358: $? = 0
configure:3373: result: no
configure:3378: checking for suffix of object files
configure:3400: g++ -c   conftest.cpp >&5
configure:3404: $? = 0
configure:3425: result: o
configure:3429: checking whether we are using the GNU C++ compiler
configure:3448: g++ -c   conftest.cpp >&5
configure:3448: $? = 0
configure:3457: result: yes
configure:3466: checking whether g++ accepts -g
configure:3486: g++ -c -g  conftest.cpp >&5
configure:3486: $? = 0
configure:3527: result: yes
configure:3561: checking for style of include used by make
configure:3589: result: GNU
configure:3615: checking dependency style of g++
configure:3726: result: gcc3
configure:3789: checking for gcc
configure:3805: found /usr/bin/gcc
configure:3816: result: gcc
configure:4045: checking for C compiler version
configure:4054: gcc --version >&5
i686-apple-darwin10-gcc-4.2.1 (GCC) 4.2.1 (Apple Inc. build 5666) (dot 3)
Copyright (C) 2007 Free Software Foundation, Inc.
This is free software; see the source for copying conditions.  There is NO
warranty; not even for MERCHANTABILITY or FITNESS FOR A PARTICULAR PURPOSE.

configure:4065: $? = 0
configure:4054: gcc -v >&5
Using built-in specs.
Target: i686-apple-darwin10
Configured with: /var/tmp/gcc/gcc-5666.3~6/src/configure --disable-checking --enable-werror --prefix=/usr --mandir=/share/man --enable-languages=c,objc,c++,obj-c++ --program-transform-name=/^[cg][^.-]*$/s/$/-4.2/ --with-slibdir=/usr/lib --build=i686-apple-darwin10 --program-prefix=i686-apple-darwin10- --host=x86_64-apple-darwin10 --target=i686-apple-darwin10 --with-gxx-include-dir=/include/c++/4.2.1
Thread model: posix
gcc version 4.2.1 (Apple Inc. build 5666) (dot 3)
configure:4065: $? = 0
configure:4054: gcc -V >&5
gcc-4.2: argument to `-V' is missing
configure:4065: $? = 1
configure:4054: gcc -qversion >&5
i686-apple-darwin10-gcc-4.2.1: no input files
configure:4065: $? = 1
configure:4069: checking whether we are using the GNU C compiler
configure:4088: gcc -c   conftest.c >&5
configure:4088: $? = 0
configure:4097: result: yes
configure:4106: checking whether gcc accepts -g
configure:4126: gcc -c -g  conftest.c >&5
configure:4126: $? = 0
configure:4167: result: yes
configure:4184: checking for gcc option to accept ISO C89
configure:4247: gcc  -c -g -O2  conftest.c >&5
configure:4247: $? = 0
configure:4260: result: none needed
configure:4282: checking dependency style of gcc
configure:4393: result: gcc3
configure:4458: checking for ar
configure:4474: found /usr/bin/ar
configure:4485: result: ar
configure:4511: checking the archiver (ar) interface
configure:4521: gcc -c -g -O2  conftest.c >&5
configure:4521: $? = 0
configure:4523: ar cru libconftest.a conftest.o >&5
configure:4526: $? = 0
configure:4549: result: ar
configure:4571: checking for log in -lm
configure:4596: gcc -o conftest -g -O2   conftest.c -lm   >&5
conftest.c:18: warning: conflicting types for built-in function 'log'
configure:4596: $? = 0
configure:4605: result: yes
configure:4623: checking how to run the C preprocessor
configure:4654: gcc -E  conftest.c
configure:4654: $? = 0
configure:4668: gcc -E  conftest.c
conftest.c:12:28: error: ac_nonexistent.h: No such file or directory
configure:4668: $? = 1
configure: failed program was:
| /* confdefs.h */
| #define PACKAGE_NAME "GMTK"
| #define PACKAGE_TARNAME "gmtk"
| #define PACKAGE_VERSION "0.0"
| #define PACKAGE_STRING "GMTK 0.0"
| #define PACKAGE_BUGREPORT "https://lungs.ee.washington.edu/trac/gmtk/newticket"
| #define PACKAGE_URL ""
| #define PACKAGE "gmtk"
| #define VERSION "0.0"
| #define HAVE_LIBM 1
| /* end confdefs.h.  */
| #include <ac_nonexistent.h>
configure:4693: result: gcc -E
configure:4713: gcc -E  conftest.c
configure:4713: $? = 0
configure:4727: gcc -E  conftest.c
conftest.c:12:28: error: ac_nonexistent.h: No such file or directory
configure:4727: $? = 1
configure: failed program was:
| /* confdefs.h */
| #define PACKAGE_NAME "GMTK"
| #define PACKAGE_TARNAME "gmtk"
| #define PACKAGE_VERSION "0.0"
| #define PACKAGE_STRING "GMTK 0.0"
| #define PACKAGE_BUGREPORT "https://lungs.ee.washington.edu/trac/gmtk/newticket"
| #define PACKAGE_URL ""
| #define PACKAGE "gmtk"
| #define VERSION "0.0"
| #define HAVE_LIBM 1
| /* end confdefs.h.  */
| #include <ac_nonexistent.h>
configure:4756: checking for grep that handles long lines and -e
configure:4814: result: /usr/bin/grep
configure:4819: checking for egrep
configure:4881: result: /usr/bin/grep -E
configure:4886: checking for ANSI C header files
configure:4906: gcc -c -g -O2  conftest.c >&5
configure:4906: $? = 0
configure:4979: gcc -o conftest -g -O2   conftest.c -lm  >&5
configure:4979: $? = 0
configure:4979: ./conftest
configure:4979: $? = 0
configure:4990: result: yes
configure:5003: checking for sys/types.h
configure:5003: gcc -c -g -O2  conftest.c >&5
configure:5003: $? = 0
configure:5003: result: yes
configure:5003: checking for sys/stat.h
configure:5003: gcc -c -g -O2  conftest.c >&5
configure:5003: $? = 0
configure:5003: result: yes
configure:5003: checking for stdlib.h
configure:5003: gcc -c -g -O2  conftest.c >&5
configure:5003: $? = 0
configure:5003: result: yes
configure:5003: checking for string.h
configure:5003: gcc -c -g -O2  conftest.c >&5
configure:5003: $? = 0
configure:5003: result: yes
configure:5003: checking for memory.h
configure:5003: gcc -c -g -O2  conftest.c >&5
configure:5003: $? = 0
configure:5003: result: yes
configure:5003: checking for strings.h
configure:5003: gcc -c -g -O2  conftest.c >&5
configure:5003: $? = 0
configure:5003: result: yes
configure:5003: checking for inttypes.h
configure:5003: gcc -c -g -O2  conftest.c >&5
configure:5003: $? = 0
configure:5003: result: yes
configure:5003: checking for stdint.h
configure:5003: gcc -c -g -O2  conftest.c >&5
configure:5003: $? = 0
configure:5003: result: yes
configure:5003: checking for unistd.h
configure:5003: gcc -c -g -O2  conftest.c >&5
configure:5003: $? = 0
configure:5003: result: yes
configure:5018: checking for stdlib.h
configure:5018: result: yes
configure:5018: checking for string.h
configure:5018: result: yes
configure:5018: checking values.h usability
configure:5018: gcc -c -g -O2  conftest.c >&5
conftest.c:57:20: error: values.h: No such file or directory
configure:5018: $? = 1
configure: failed program was:
| /* confdefs.h */
| #define PACKAGE_NAME "GMTK"
| #define PACKAGE_TARNAME "gmtk"
| #define PACKAGE_VERSION "0.0"
| #define PACKAGE_STRING "GMTK 0.0"
| #define PACKAGE_BUGREPORT "https://lungs.ee.washington.edu/trac/gmtk/newticket"
| #define PACKAGE_URL ""
| #define PACKAGE "gmtk"
| #define VERSION "0.0"
| #define HAVE_LIBM 1
| #define STDC_HEADERS 1
| #define HAVE_SYS_TYPES_H 1
| #define HAVE_SYS_STAT_H 1
| #define HAVE_STDLIB_H 1
| #define HAVE_STRING_H 1
| #define HAVE_MEMORY_H 1
| #define HAVE_STRINGS_H 1
| #define HAVE_INTTYPES_H 1
| #define HAVE_STDINT_H 1
| #define HAVE_UNISTD_H 1
| #define HAVE_STDLIB_H 1
| #define HAVE_STRING_H 1
| /* end confdefs.h.  */
| #include <stdio.h>
| #ifdef HAVE_SYS_TYPES_H
| # include <sys/types.h>
| #endif
| #ifdef HAVE_SYS_STAT_H
| # include <sys/stat.h>
| #endif
| #ifdef STDC_HEADERS
| # include <stdlib.h>
| # include <stddef.h>
| #else
| # ifdef HAVE_STDLIB_H
| #  include <stdlib.h>
| # endif
| #endif
| #ifdef HAVE_STRING_H
| # if !defined STDC_HEADERS && defined HAVE_MEMORY_H
| #  include <memory.h>
| # endif
| # include <string.h>
| #endif
| #ifdef HAVE_STRINGS_H
| # include <strings.h>
| #endif
| #ifdef HAVE_INTTYPES_H
| # include <inttypes.h>
| #endif
| #ifdef HAVE_STDINT_H
| # include <stdint.h>
| #endif
| #ifdef HAVE_UNISTD_H
| # include <unistd.h>
| #endif
| #include <values.h>
configure:5018: result: no
configure:5018: checking values.h presence
configure:5018: gcc -E  conftest.c
conftest.c:24:20: error: values.h: No such file or directory
configure:5018: $? = 1
configure: failed program was:
| /* confdefs.h */
| #define PACKAGE_NAME "GMTK"
| #define PACKAGE_TARNAME "gmtk"
| #define PACKAGE_VERSION "0.0"
| #define PACKAGE_STRING "GMTK 0.0"
| #define PACKAGE_BUGREPORT "https://lungs.ee.washington.edu/trac/gmtk/newticket"
| #define PACKAGE_URL ""
| #define PACKAGE "gmtk"
| #define VERSION "0.0"
| #define HAVE_LIBM 1
| #define STDC_HEADERS 1
| #define HAVE_SYS_TYPES_H 1
| #define HAVE_SYS_STAT_H 1
| #define HAVE_STDLIB_H 1
| #define HAVE_STRING_H 1
| #define HAVE_MEMORY_H 1
| #define HAVE_STRINGS_H 1
| #define HAVE_INTTYPES_H 1
| #define HAVE_STDINT_H 1
| #define HAVE_UNISTD_H 1
| #define HAVE_STDLIB_H 1
| #define HAVE_STRING_H 1
| /* end confdefs.h.  */
| #include <values.h>
configure:5018: result: no
configure:5018: checking for values.h
configure:5018: result: no
configure:5030: checking for stdbool.h that conforms to C99
configure:5097: gcc -c -g -O2  conftest.c >&5
configure:5097: $? = 0
configure:5104: result: yes
configure:5106: checking for _Bool
configure:5106: gcc -c -g -O2  conftest.c >&5
configure:5106: $? = 0
configure:5106: gcc -c -g -O2  conftest.c >&5
conftest.c: In function 'main':
conftest.c:60: error: expected expression before ')' token
configure:5106: $? = 1
configure: failed program was:
| /* confdefs.h */
| #define PACKAGE_NAME "GMTK"
| #define PACKAGE_TARNAME "gmtk"
| #define PACKAGE_VERSION "0.0"
| #define PACKAGE_STRING "GMTK 0.0"
| #define PACKAGE_BUGREPORT "https://lungs.ee.washington.edu/trac/gmtk/newticket"
| #define PACKAGE_URL ""
| #define PACKAGE "gmtk"
| #define VERSION "0.0"
| #define HAVE_LIBM 1
| #define STDC_HEADERS 1
| #define HAVE_SYS_TYPES_H 1
| #define HAVE_SYS_STAT_H 1
| #define HAVE_STDLIB_H 1
| #define HAVE_STRING_H 1
| #define HAVE_MEMORY_H 1
| #define HAVE_STRINGS_H 1
| #define HAVE_INTTYPES_H 1
| #define HAVE_STDINT_H 1
| #define HAVE_UNISTD_H 1
| #define HAVE_STDLIB_H 1
| #define HAVE_STRING_H 1
| /* end confdefs.h.  */
| #include <stdio.h>
| #ifdef HAVE_SYS_TYPES_H
| # include <sys/types.h>
| #endif
| #ifdef HAVE_SYS_STAT_H
| # include <sys/stat.h>
| #endif
| #ifdef STDC_HEADERS
| # include <stdlib.h>
| # include <stddef.h>
| #else
| # ifdef HAVE_STDLIB_H
| #  include <stdlib.h>
| # endif
| #endif
| #ifdef HAVE_STRING_H
| # if !defined STDC_HEADERS && defined HAVE_MEMORY_H
| #  include <memory.h>
| # endif
| # include <string.h>
| #endif
| #ifdef HAVE_STRINGS_H
| # include <strings.h>
| #endif
| #ifdef HAVE_INTTYPES_H
| # include <inttypes.h>
| #endif
| #ifdef HAVE_STDINT_H
| # include <stdint.h>
| #endif
| #ifdef HAVE_UNISTD_H
| # include <unistd.h>
| #endif
| int
| main ()
| {
| if (sizeof ((_Bool)))
| 	    return 0;
|   ;
|   return 0;
| }
configure:5106: result: yes
configure:5123: checking for an ANSI C-conforming const
configure:5189: gcc -c -g -O2  conftest.c >&5
configure:5189: $? = 0
configure:5196: result: yes
configure:5204: checking for size_t
configure:5204: gcc -c -g -O2  conftest.c >&5
configure:5204: $? = 0
configure:5204: gcc -c -g -O2  conftest.c >&5
conftest.c: In function 'main':
conftest.c:62: error: expected expression before ')' token
configure:5204: $? = 1
configure: failed program was:
| /* confdefs.h */
| #define PACKAGE_NAME "GMTK"
| #define PACKAGE_TARNAME "gmtk"
| #define PACKAGE_VERSION "0.0"
| #define PACKAGE_STRING "GMTK 0.0"
| #define PACKAGE_BUGREPORT "https://lungs.ee.washington.edu/trac/gmtk/newticket"
| #define PACKAGE_URL ""
| #define PACKAGE "gmtk"
| #define VERSION "0.0"
| #define HAVE_LIBM 1
| #define STDC_HEADERS 1
| #define HAVE_SYS_TYPES_H 1
| #define HAVE_SYS_STAT_H 1
| #define HAVE_STDLIB_H 1
| #define HAVE_STRING_H 1
| #define HAVE_MEMORY_H 1
| #define HAVE_STRINGS_H 1
| #define HAVE_INTTYPES_H 1
| #define HAVE_STDINT_H 1
| #define HAVE_UNISTD_H 1
| #define HAVE_STDLIB_H 1
| #define HAVE_STRING_H 1
| #define HAVE__BOOL 1
| #define HAVE_STDBOOL_H 1
| /* end confdefs.h.  */
| #include <stdio.h>
| #ifdef HAVE_SYS_TYPES_H
| # include <sys/types.h>
| #endif
| #ifdef HAVE_SYS_STAT_H
| # include <sys/stat.h>
| #endif
| #ifdef STDC_HEADERS
| # include <stdlib.h>
| # include <stddef.h>
| #else
| # ifdef HAVE_STDLIB_H
| #  include <stdlib.h>
| # endif
| #endif
| #ifdef HAVE_STRING_H
| # if !defined STDC_HEADERS && defined HAVE_MEMORY_H
| #  include <memory.h>
| # endif
| # include <string.h>
| #endif
| #ifdef HAVE_STRINGS_H
| # include <strings.h>
| #endif
| #ifdef HAVE_INTTYPES_H
| # include <inttypes.h>
| #endif
| #ifdef HAVE_STDINT_H
| # include <stdint.h>
| #endif
| #ifdef HAVE_UNISTD_H
| # include <unistd.h>
| #endif
| int
| main ()
| {
| if (sizeof ((size_t)))
| 	    return 0;
|   ;
|   return 0;
| }
configure:5204: result: yes
configure:5219: checking size of long
configure:5224: gcc -o conftest -g -O2   conftest.c -lm  >&5
configure:5224: $? = 0
configure:5224: ./conftest
configure:5224: $? = 0
configure:5238: result: 8
configure:5250: checking for error_at_line
configure:5266: gcc -o conftest -g -O2   conftest.c -lm  >&5
conftest.c:27:19: error: error.h: No such file or directory
configure:5266: $? = 1
configure: failed program was:
| /* confdefs.h */
| #define PACKAGE_NAME "GMTK"
| #define PACKAGE_TARNAME "gmtk"
| #define PACKAGE_VERSION "0.0"
| #define PACKAGE_STRING "GMTK 0.0"
| #define PACKAGE_BUGREPORT "https://lungs.ee.washington.edu/trac/gmtk/newticket"
| #define PACKAGE_URL ""
| #define PACKAGE "gmtk"
| #define VERSION "0.0"
| #define HAVE_LIBM 1
| #define STDC_HEADERS 1
| #define HAVE_SYS_TYPES_H 1
| #define HAVE_SYS_STAT_H 1
| #define HAVE_STDLIB_H 1
| #define HAVE_STRING_H 1
| #define HAVE_MEMORY_H 1
| #define HAVE_STRINGS_H 1
| #define HAVE_INTTYPES_H 1
| #define HAVE_STDINT_H 1
| #define HAVE_UNISTD_H 1
| #define HAVE_STDLIB_H 1
| #define HAVE_STRING_H 1
| #define HAVE__BOOL 1
| #define HAVE_STDBOOL_H 1
| #define SIZEOF_LONG 8
| /* end confdefs.h.  */
| #include <error.h>
| int
| main ()
| {
| error_at_line (0, 0, "", 0, "an error occurred");
|   ;
|   return 0;
| }
configure:5274: result: no
configure:5288: checking for strchr
configure:5288: gcc -o conftest -g -O2   conftest.c -lm  >&5
conftest.c:50: warning: conflicting types for built-in function 'strchr'
configure:5288: $? = 0
configure:5288: result: yes
configure:5288: checking for strtol
configure:5288: gcc -o conftest -g -O2   conftest.c -lm  >&5
configure:5288: $? = 0
configure:5288: result: yes
configure:5305: checking for special C compiler options needed for large files
configure:5350: result: no
configure:5356: checking for _FILE_OFFSET_BITS value needed for large files
configure:5381: gcc -c -g -O2  conftest.c >&5
configure:5381: $? = 0
configure:5413: result: no
configure:5498: checking for _LARGEFILE_SOURCE value needed for large files
configure:5517: gcc -o conftest -g -O2   conftest.c -lm  >&5
configure:5517: $? = 0
configure:5545: result: no
configure:5677: checking that generated files are newer than configure
configure:5683: result: done
configure:5718: creating ./config.status

## ---------------------- ##
## Running config.status. ##
## ---------------------- ##

This file was extended by GMTK config.status 0.0, which was
generated by GNU Autoconf 2.69.  Invocation command line was

  CONFIG_FILES    = 
  CONFIG_HEADERS  = 
  CONFIG_LINKS    = 
  CONFIG_COMMANDS = 
  $ ./config.status 

on g

config.status:873: creating Makefile
config.status:873: creating ac_config.h
config.status:1054: ac_config.h is unchanged
config.status:1102: executing depfiles commands

## ---------------- ##
## Cache variables. ##
## ---------------- ##

ac_cv_c_compiler_gnu=yes
ac_cv_c_const=yes
ac_cv_cxx_compiler_gnu=yes
ac_cv_env_CCC_set=
ac_cv_env_CCC_value=
ac_cv_env_CC_set=
ac_cv_env_CC_value=
ac_cv_env_CFLAGS_set=
ac_cv_env_CFLAGS_value=
ac_cv_env_CPPFLAGS_set=
ac_cv_env_CPPFLAGS_value=
ac_cv_env_CPP_set=
ac_cv_env_CPP_value=
ac_cv_env_CXXFLAGS_set=
ac_cv_env_CXXFLAGS_value=
ac_cv_env_CXX_set=
ac_cv_env_CXX_value=
ac_cv_env_LDFLAGS_set=
ac_cv_env_LDFLAGS_value=
ac_cv_env_LIBS_set=
ac_cv_env_LIBS_value=
ac_cv_env_build_alias_set=
ac_cv_env_build_alias_value=
ac_cv_env_host_alias_set=
ac_cv_env_host_alias_value=
ac_cv_env_target_alias_set=
ac_cv_env_target_alias_value=
ac_cv_func_strchr=yes
ac_cv_func_strtol=yes
ac_cv_header_inttypes_h=yes
ac_cv_header_memory_h=yes
ac_cv_header_stdbool_h=yes
ac_cv_header_stdc=yes
ac_cv_header_stdint_h=yes
ac_cv_header_stdlib_h=yes
ac_cv_header_string_h=yes
ac_cv_header_strings_h=yes
ac_cv_header_sys_stat_h=yes
ac_cv_header_sys_types_h=yes
ac_cv_header_unistd_h=yes
ac_cv_header_values_h=no
ac_cv_lib_error_at_line=no
ac_cv_lib_m_log=yes
ac_cv_objext=o
ac_cv_path_EGREP='/usr/bin/grep -E'
ac_cv_path_GREP=/usr/bin/grep
ac_cv_path_INTLTOOL_PERL=/usr/bin/perl
ac_cv_path_install='/usr/bin/install -c'
ac_cv_prog_AWK=gawk
ac_cv_prog_CPP='gcc -E'
ac_cv_prog_ac_ct_AR=ar
ac_cv_prog_ac_ct_CC=gcc
ac_cv_prog_ac_ct_CXX=g++
ac_cv_prog_cc_c89=
ac_cv_prog_cc_g=yes
ac_cv_prog_cxx_g=yes
ac_cv_prog_make_make_set=yes
ac_cv_sizeof_long=8
ac_cv_sys_file_offset_bits=no
ac_cv_sys_largefile_CC=no
ac_cv_sys_largefile_source=no
ac_cv_type__Bool=yes
ac_cv_type_size_t=yes
am_cv_CC_dependencies_compiler_type=gcc3
am_cv_CXX_dependencies_compiler_type=gcc3
am_cv_ar_interface=ar
am_cv_make_support_nested_variables=yes

## ----------------- ##
## Output variables. ##
## ----------------- ##

ACLOCAL='${SHELL} /Users/adam/code/TwitterHealth2.0/gmtk-2012-12-07_2148/mitk/discrete-mi/missing --run aclocal-1.12'
AMDEPBACKSLASH='\'
AMDEP_FALSE='#'
AMDEP_TRUE=''
AMTAR='$${TAR-tar}'
AM_BACKSLASH='\'
AM_DEFAULT_V='$(AM_DEFAULT_VERBOSITY)'
AM_DEFAULT_VERBOSITY='1'
AM_V='$(V)'
AR='ar'
AUTOCONF='${SHELL} /Users/adam/code/TwitterHealth2.0/gmtk-2012-12-07_2148/mitk/discrete-mi/missing --run autoconf'
AUTOHEADER='${SHELL} /Users/adam/code/TwitterHealth2.0/gmtk-2012-12-07_2148/mitk/discrete-mi/missing --run autoheader'
AUTOMAKE='${SHELL} /Users/adam/code/TwitterHealth2.0/gmtk-2012-12-07_2148/mitk/discrete-mi/missing --run automake-1.12'
AWK='gawk'
CC='gcc'
CCDEPMODE='depmode=gcc3'
CFLAGS='-g -O2'
CPP='gcc -E'
CPPFLAGS=''
CXX='g++'
CXXDEPMODE='depmode=gcc3'
CXXFLAGS=''
CYGPATH_W='echo'
DEFS='-DHAVE_CONFIG_H'
DEPDIR='.deps'
ECHO_C='\c'
ECHO_N=''
ECHO_T=''
EGREP='/usr/bin/grep -E'
EXEEXT=''
GREP='/usr/bin/grep'
INSTALL_DATA='${INSTALL} -m 644'
INSTALL_PROGRAM='${INSTALL}'
INSTALL_SCRIPT='${INSTALL}'
INSTALL_STRIP_PROGRAM='$(install_sh) -c -s'
LDFLAGS=''
LIBOBJS=' ${LIBOBJDIR}error$U.o'
LIBS='-lm '
LTLIBOBJS=' ${LIBOBJDIR}error$U.lo'
MAKEINFO='${SHELL} /Users/adam/code/TwitterHealth2.0/gmtk-2012-12-07_2148/mitk/discrete-mi/missing --run makeinfo'
MKDIR_P='./install-sh -c -d'
NO_ASSERTIONS_FALSE=''
NO_ASSERTIONS_TRUE='#'
NO_MODEL_CHECKS_FALSE=''
NO_MODEL_CHECKS_TRUE='#'
OBJEXT='o'
PACKAGE='gmtk'
PACKAGE_BUGREPORT='https://lungs.ee.washington.edu/trac/gmtk/newticket'
PACKAGE_NAME='GMTK'
PACKAGE_STRING='GMTK 0.0'
PACKAGE_TARNAME='gmtk'
PACKAGE_URL=''
PACKAGE_VERSION='0.0'
PATH_SEPARATOR=':'
SET_MAKE=''
SHELL='/bin/sh'
STRIP=''
VERSION='0.0'
ac_ct_AR='ar'
ac_ct_CC='gcc'
ac_ct_CXX='g++'
am__EXEEXT_FALSE=''
am__EXEEXT_TRUE='#'
am__fastdepCC_FALSE='#'
am__fastdepCC_TRUE=''
am__fastdepCXX_FALSE='#'
am__fastdepCXX_TRUE=''
am__include='include'
am__isrc=''
am__leading_dot='.'
am__nodep='_no'
am__quote=''
am__tar='$${TAR-tar} chof - "$$tardir"'
am__untar='$${TAR-tar} xf -'
bindir='${exec_prefix}/bin'
build_alias=''
datadir='${datarootdir}'
datarootdir='${prefix}/share'
docdir='${datarootdir}/doc/${PACKAGE_TARNAME}'
dvidir='${docdir}'
exec_prefix='${prefix}'
host_alias=''
htmldir='${docdir}'
includedir='${prefix}/include'
infodir='${datarootdir}/info'
install_sh='${SHELL} /Users/adam/code/TwitterHealth2.0/gmtk-2012-12-07_2148/mitk/discrete-mi/install-sh'
libdir='${exec_prefix}/lib'
libexecdir='${exec_prefix}/libexec'
localedir='${datarootdir}/locale'
localstatedir='${prefix}/var'
mandir='${datarootdir}/man'
mkdir_p='$(MKDIR_P)'
oldincludedir='/usr/include'
pdfdir='${docdir}'
prefix='/usr/local'
program_transform_name='s,x,x,'
psdir='${docdir}'
sbindir='${exec_prefix}/sbin'
sharedstatedir='${prefix}/com'
sysconfdir='${prefix}/etc'
target_alias=''

## ----------- ##
## confdefs.h. ##
## ----------- ##

/* confdefs.h */
#define PACKAGE_NAME "GMTK"
#define PACKAGE_TARNAME "gmtk"
#define PACKAGE_VERSION "0.0"
#define PACKAGE_STRING "GMTK 0.0"
#define PACKAGE_BUGREPORT "https://lungs.ee.washington.edu/trac/gmtk/newticket"
#define PACKAGE_URL ""
#define PACKAGE "gmtk"
#define VERSION "0.0"
#define HAVE_LIBM 1
#define STDC_HEADERS 1
#define HAVE_SYS_TYPES_H 1
#define HAVE_SYS_STAT_H 1
#define HAVE_STDLIB_H 1
#define HAVE_STRING_H 1
#define HAVE_MEMORY_H 1
#define HAVE_STRINGS_H 1
#define HAVE_INTTYPES_H 1
#define HAVE_STDINT_H 1
#define HAVE_UNISTD_H 1
#define HAVE_STDLIB_H 1
#define HAVE_STRING_H 1
#define HAVE__BOOL 1
#define HAVE_STDBOOL_H 1
#define SIZEOF_LONG 8
#define HAVE_STRCHR 1
#define HAVE_STRTOL 1
#define HAVE_FSEEKO 1

configure: exit 0
